<?xml version="1.0" encoding="UTF-8"?>
<testng-results ignored="0" total="50" passed="49" failed="1" skipped="0">
  <reporter-output>
    <line>
      <![CDATA[Click on login button]]>
    </line>
    <line>
      <![CDATA[verify button is displayed]]>
    </line>
    <line>
      <![CDATA[Enter text harshalsomani23@gmail.com at locator Email]]>
    </line>
    <line>
      <![CDATA[<h1 style="color:green;font-size:15px;">Test Passed</h1> ]]>
    </line>
    <line>
      <![CDATA[Enter text Harshal@2110 at locator password]]>
    </line>
    <line>
      <![CDATA[Click on login button]]>
    </line>
    <line>
      <![CDATA[Enter text harshaaaaa2223@gmail.com at locator Email]]>
    </line>
    <line>
      <![CDATA[Click on login button]]>
    </line>
    <line>
      <![CDATA[verify button is displayed]]>
    </line>
    <line>
      <![CDATA[<h1 style="color:green;font-size:15px;">Test Passed</h1> ]]>
    </line>
    <line>
      <![CDATA[Enter text harshal@2110 at locator password]]>
    </line>
    <line>
      <![CDATA[Click on login button]]>
    </line>
    <line>
      <![CDATA[verify button is displayed]]>
    </line>
    <line>
      <![CDATA[<h1 style="color:green;font-size:15px;">Test Passed</h1> ]]>
    </line>
    <line>
      <![CDATA[verify Forgot password text is displayed]]>
    </line>
    <line>
      <![CDATA[<h1 style="color:green;font-size:15px;">Test Passed</h1> ]]>
    </line>
    <line>
      <![CDATA[Click on Forgot password text]]>
    </line>
    <line>
      <![CDATA[verify Facebook logo is displayed]]>
    </line>
    <line>
      <![CDATA[<h1 style="color:green;font-size:15px;">Test Passed</h1> ]]>
    </line>
    <line>
      <![CDATA[verify Forgot password link is displayed]]>
    </line>
    <line>
      <![CDATA[<h1 style="color:green;font-size:15px;">Test Passed</h1> ]]>
    </line>
    <line>
      <![CDATA[verify Facebook page text is displayed]]>
    </line>
    <line>
      <![CDATA[<h1 style="color:green;font-size:15px;">Test Passed</h1> ]]>
    </line>
    <line>
      <![CDATA[verify Create a page hypertext is displayed]]>
    </line>
    <line>
      <![CDATA[<h1 style="color:green;font-size:15px;">Test Passed</h1> ]]>
    </line>
    <line>
      <![CDATA[Click on Create a page hypertext]]>
    </line>
    <line>
      <![CDATA[verify Create new account text is displayed]]>
    </line>
    <line>
      <![CDATA[<h1 style="color:green;font-size:15px;">Test Passed</h1> ]]>
    </line>
    <line>
      <![CDATA[Enter text harshalsomani23@gmail.com at locator Email]]>
    </line>
    <line>
      <![CDATA[Enter text Harshal@2110 at locator password]]>
    </line>
    <line>
      <![CDATA[Click on Create a page hyperlink login button]]>
    </line>
    <line>
      <![CDATA[Click on Create new account]]>
    </line>
    <line>
      <![CDATA[verify Gujarati hypertext is displayed]]>
    </line>
    <line>
      <![CDATA[<h1 style="color:green;font-size:15px;">Test Passed</h1> ]]>
    </line>
    <line>
      <![CDATA[Click on Gujarati hypertext]]>
    </line>
    <line>
      <![CDATA[verify Marathi hypertext is displayed]]>
    </line>
    <line>
      <![CDATA[<h1 style="color:green;font-size:15px;">Test Passed</h1> ]]>
    </line>
    <line>
      <![CDATA[Click on Marathi hypertext]]>
    </line>
    <line>
      <![CDATA[Enter text harshalsomani23@gmail.com at locator Email]]>
    </line>
    <line>
      <![CDATA[Enter text harshal@2000 at locator password]]>
    </line>
    <line>
      <![CDATA[Click on login button]]>
    </line>
    <line>
      <![CDATA[verify valid Email_invalid_password is displayed]]>
    </line>
    <line>
      <![CDATA[Enter text orangejuice3323@gmail.com at locator Email]]>
    </line>
    <line>
      <![CDATA[Enter text Harshal@2110 at locator password]]>
    </line>
    <line>
      <![CDATA[Click on login button]]>
    </line>
    <line>
      <![CDATA[verify button is displayed]]>
    </line>
    <line>
      <![CDATA[<h1 style="color:green;font-size:15px;">Test Passed</h1> ]]>
    </line>
    <line>
      <![CDATA[<h1 style="color:green;font-size:15px;">Test Passed</h1> ]]>
    </line>
    <line>
      <![CDATA[Enter text 1234455669826892732093799@gmail.com at locator Email]]>
    </line>
    <line>
      <![CDATA[Enter text Harshal@2110 at locator password]]>
    </line>
    <line>
      <![CDATA[Click on login button]]>
    </line>
    <line>
      <![CDATA[verify button is displayed]]>
    </line>
    <line>
      <![CDATA[Enter text harshalsomani23@gmail.com at locator Email]]>
    </line>
    <line>
      <![CDATA[Enter text Harshal@21100000000000000 at locator password]]>
    </line>
    <line>
      <![CDATA[Click on login button]]>
    </line>
    <line>
      <![CDATA[verify valid Email_invalid_password is displayed]]>
    </line>
    <line>
      <![CDATA[<h1 style="color:green;font-size:15px;">Test Passed</h1> ]]>
    </line>
    <line>
      <![CDATA[verify Urdu hypertext is displayed]]>
    </line>
    <line>
      <![CDATA[<h1 style="color:green;font-size:15px;">Test Passed</h1> ]]>
    </line>
    <line>
      <![CDATA[Click on Urdu hypertext]]>
    </line>
    <line>
      <![CDATA[verify Punjabi hypertext is displayed]]>
    </line>
    <line>
      <![CDATA[<h1 style="color:green;font-size:15px;">Test Passed</h1> ]]>
    </line>
    <line>
      <![CDATA[Click on Punjabi hypertext]]>
    </line>
    <line>
      <![CDATA[verify Tamil hypertext is displayed]]>
    </line>
    <line>
      <![CDATA[<h1 style="color:green;font-size:15px;">Test Passed</h1> ]]>
    </line>
    <line>
      <![CDATA[Click on Tamil hypertext]]>
    </line>
    <line>
      <![CDATA[verify Telugu hypertext is displayed]]>
    </line>
    <line>
      <![CDATA[<h1 style="color:green;font-size:15px;">Test Passed</h1> ]]>
    </line>
    <line>
      <![CDATA[Click on Telugu hypertext]]>
    </line>
    <line>
      <![CDATA[verify Bengali hypertext is displayed]]>
    </line>
    <line>
      <![CDATA[<h1 style="color:green;font-size:15px;">Test Passed</h1> ]]>
    </line>
    <line>
      <![CDATA[Click on Bengali hypertext]]>
    </line>
    <line>
      <![CDATA[verify Malayalam hypertext is displayed]]>
    </line>
    <line>
      <![CDATA[<h1 style="color:green;font-size:15px;">Test Passed</h1> ]]>
    </line>
    <line>
      <![CDATA[Click on Malayalam hypertext]]>
    </line>
    <line>
      <![CDATA[verify Spanish hypertext is displayed]]>
    </line>
    <line>
      <![CDATA[<h1 style="color:green;font-size:15px;">Test Passed</h1> ]]>
    </line>
    <line>
      <![CDATA[Click on Spanish hypertext]]>
    </line>
    <line>
      <![CDATA[verify Sign up hypertext is displayed]]>
    </line>
    <line>
      <![CDATA[<h1 style="color:green;font-size:15px;">Test Passed</h1> ]]>
    </line>
    <line>
      <![CDATA[Click on Sign up hypertext]]>
    </line>
    <line>
      <![CDATA[verify Log in hypertext is displayed]]>
    </line>
    <line>
      <![CDATA[<h1 style="color:green;font-size:15px;">Test Passed</h1> ]]>
    </line>
    <line>
      <![CDATA[Click on Log in hypertext]]>
    </line>
    <line>
      <![CDATA[verify Messenger hypertext is displayed]]>
    </line>
    <line>
      <![CDATA[<h1 style="color:green;font-size:15px;">Test Passed</h1> ]]>
    </line>
    <line>
      <![CDATA[Click on Messenger hypertext]]>
    </line>
    <line>
      <![CDATA[verify Facebook lite hypertext is displayed]]>
    </line>
    <line>
      <![CDATA[<h1 style="color:green;font-size:15px;">Test Passed</h1> ]]>
    </line>
    <line>
      <![CDATA[Click on Facebook lite hypertext]]>
    </line>
    <line>
      <![CDATA[verify Video hypertext is displayed]]>
    </line>
    <line>
      <![CDATA[<h1 style="color:green;font-size:15px;">Test Passed</h1> ]]>
    </line>
    <line>
      <![CDATA[<h1 style="color:red;font-size:15px;">Test Failed</h1>   ]]>
    </line>
    <line>
      <![CDATA[<img src="C:\Users\Harshal\IdeaProjects\PracticeST\src\test\resources\failed_test_screenshot\verify_invalid_password_with_numbers_iSiRt.png" alt="test" width="1024" height="640">]]>
    </line>
    <line>
      <![CDATA[Click on Video hypertext]]>
    </line>
    <line>
      <![CDATA[verify Places hypertext is displayed]]>
    </line>
    <line>
      <![CDATA[<h1 style="color:green;font-size:15px;">Test Passed</h1> ]]>
    </line>
    <line>
      <![CDATA[Click on Places hypertext]]>
    </line>
    <line>
      <![CDATA[verify Games hypertext is displayed]]>
    </line>
    <line>
      <![CDATA[<h1 style="color:green;font-size:15px;">Test Passed</h1> ]]>
    </line>
    <line>
      <![CDATA[Click on Games hypertext]]>
    </line>
    <line>
      <![CDATA[verify Marketplace hypertext is displayed]]>
    </line>
    <line>
      <![CDATA[<h1 style="color:green;font-size:15px;">Test Passed</h1> ]]>
    </line>
    <line>
      <![CDATA[Click on Marketplace hypertext]]>
    </line>
  </reporter-output>
  <suite started-at="2024-02-02T16:55:52 IST" name="Smoke " finished-at="2024-02-02T16:57:48 IST" duration-ms="115822">
    <groups>
    </groups>
    <test started-at="2024-02-02T16:55:52 IST" name="verify_valid_message_is_present_when_only_clicks_on_logins_button" finished-at="2024-02-02T16:55:58 IST" duration-ms="5557">
      <class name="web.tests.login.Invalid_Login_Test">
        <test-method is-config="true" signature="init()[pri:0, instance:web.tests.login.Invalid_Login_Test@3eb738bb]" started-at="2024-02-02T16:55:52 IST" name="init" finished-at="2024-02-02T16:55:56 IST" duration-ms="3963" status="PASS">
          <reporter-output>
          </reporter-output>
        </test-method> <!-- init -->
        <test-method signature="verify_valid_message_is_present_when_only_clicks_on_logins_button()[pri:0, instance:web.tests.login.Invalid_Login_Test@3eb738bb]" started-at="2024-02-02T16:55:56 IST" name="verify_valid_message_is_present_when_only_clicks_on_logins_button" finished-at="2024-02-02T16:55:58 IST" duration-ms="1402" status="PASS">
          <reporter-output>
            <line>
              <![CDATA[Click on login button]]>
            </line>
            <line>
              <![CDATA[verify button is displayed]]>
            </line>
            <line>
              <![CDATA[<h1 style="color:green;font-size:15px;">Test Passed</h1> ]]>
            </line>
          </reporter-output>
        </test-method> <!-- verify_valid_message_is_present_when_only_clicks_on_logins_button -->
        <test-method is-config="true" signature="tear_down(org.testng.ITestResult)[pri:0, instance:web.tests.login.Invalid_Login_Test@3eb738bb]" started-at="2024-02-02T16:55:58 IST" name="tear_down" finished-at="2024-02-02T16:55:58 IST" duration-ms="170" status="PASS">
          <params>
            <param index="0">
              <value>
                <![CDATA[[TestResult name=verify_valid_message_is_present_when_only_clicks_on_logins_button status=SUCCESS method=Invalid_Login_Test.verify_valid_message_is_present_when_only_clicks_on_logins_button()[pri:0, instance:web.tests.login.Invalid_Login_Test@3eb738bb] output=Click on login button]]]>
              </value>
            </param>
          </params>
          <reporter-output>
          </reporter-output>
        </test-method> <!-- tear_down -->
      </class> <!-- web.tests.login.Invalid_Login_Test -->
    </test> <!-- verify_valid_message_is_present_when_only_clicks_on_logins_button -->
    <test started-at="2024-02-02T16:55:58 IST" name="verify_valid_message_is_present_when_entering_invalid_email_id" finished-at="2024-02-02T16:56:01 IST" duration-ms="3235">
      <class name="web.tests.login.Invalid_Login_Test">
        <test-method is-config="true" signature="init()[pri:0, instance:web.tests.login.Invalid_Login_Test@9d5509a]" started-at="2024-02-02T16:55:58 IST" name="init" finished-at="2024-02-02T16:56:00 IST" duration-ms="2059" status="PASS">
          <reporter-output>
          </reporter-output>
        </test-method> <!-- init -->
        <test-method signature="verify_valid_message_is_present_when_entering_invalid_email_id()[pri:0, instance:web.tests.login.Invalid_Login_Test@9d5509a]" started-at="2024-02-02T16:56:00 IST" name="verify_valid_message_is_present_when_entering_invalid_email_id" finished-at="2024-02-02T16:56:01 IST" duration-ms="1001" status="PASS">
          <reporter-output>
            <line>
              <![CDATA[Enter text harshaaaaa2223@gmail.com at locator Email]]>
            </line>
            <line>
              <![CDATA[Click on login button]]>
            </line>
            <line>
              <![CDATA[verify button is displayed]]>
            </line>
            <line>
              <![CDATA[<h1 style="color:green;font-size:15px;">Test Passed</h1> ]]>
            </line>
          </reporter-output>
        </test-method> <!-- verify_valid_message_is_present_when_entering_invalid_email_id -->
        <test-method is-config="true" signature="tear_down(org.testng.ITestResult)[pri:0, instance:web.tests.login.Invalid_Login_Test@9d5509a]" started-at="2024-02-02T16:56:01 IST" name="tear_down" finished-at="2024-02-02T16:56:01 IST" duration-ms="172" status="PASS">
          <params>
            <param index="0">
              <value>
                <![CDATA[[TestResult name=verify_valid_message_is_present_when_entering_invalid_email_id status=SUCCESS method=Invalid_Login_Test.verify_valid_message_is_present_when_entering_invalid_email_id()[pri:0, instance:web.tests.login.Invalid_Login_Test@9d5509a] output=Enter text harshaaaaa2223@gmail.com at locator Email]]]>
              </value>
            </param>
          </params>
          <reporter-output>
          </reporter-output>
        </test-method> <!-- tear_down -->
      </class> <!-- web.tests.login.Invalid_Login_Test -->
    </test> <!-- verify_valid_message_is_present_when_entering_invalid_email_id -->
    <test started-at="2024-02-02T16:56:01 IST" name="verify_valid_message_is_present_when_entering_invalid_password" finished-at="2024-02-02T16:56:04 IST" duration-ms="3129">
      <class name="web.tests.login.Invalid_Login_Test">
        <test-method is-config="true" signature="init()[pri:0, instance:web.tests.login.Invalid_Login_Test@3cd3e762]" started-at="2024-02-02T16:56:01 IST" name="init" finished-at="2024-02-02T16:56:03 IST" duration-ms="1921" status="PASS">
          <reporter-output>
          </reporter-output>
        </test-method> <!-- init -->
        <test-method signature="verify_valid_message_is_present_when_entering_invalid_password()[pri:0, instance:web.tests.login.Invalid_Login_Test@3cd3e762]" started-at="2024-02-02T16:56:03 IST" name="verify_valid_message_is_present_when_entering_invalid_password" finished-at="2024-02-02T16:56:04 IST" duration-ms="1094" status="PASS">
          <reporter-output>
            <line>
              <![CDATA[Enter text harshal@2110 at locator password]]>
            </line>
            <line>
              <![CDATA[Click on login button]]>
            </line>
            <line>
              <![CDATA[verify button is displayed]]>
            </line>
            <line>
              <![CDATA[<h1 style="color:green;font-size:15px;">Test Passed</h1> ]]>
            </line>
          </reporter-output>
        </test-method> <!-- verify_valid_message_is_present_when_entering_invalid_password -->
        <test-method is-config="true" signature="tear_down(org.testng.ITestResult)[pri:0, instance:web.tests.login.Invalid_Login_Test@3cd3e762]" started-at="2024-02-02T16:56:04 IST" name="tear_down" finished-at="2024-02-02T16:56:04 IST" duration-ms="114" status="PASS">
          <params>
            <param index="0">
              <value>
                <![CDATA[[TestResult name=verify_valid_message_is_present_when_entering_invalid_password status=SUCCESS method=Invalid_Login_Test.verify_valid_message_is_present_when_entering_invalid_password()[pri:0, instance:web.tests.login.Invalid_Login_Test@3cd3e762] output=Enter text harshal@2110 at locator password]]]>
              </value>
            </param>
          </params>
          <reporter-output>
          </reporter-output>
        </test-method> <!-- tear_down -->
      </class> <!-- web.tests.login.Invalid_Login_Test -->
    </test> <!-- verify_valid_message_is_present_when_entering_invalid_password -->
    <test started-at="2024-02-02T16:55:52 IST" name="enter_email" finished-at="2024-02-02T16:56:06 IST" duration-ms="13539">
      <class name="web.tests.login.LoginPageTest">
        <test-method is-config="true" signature="init()[pri:0, instance:web.tests.login.LoginPageTest@49e53c76]" started-at="2024-02-02T16:55:52 IST" name="init" finished-at="2024-02-02T16:55:56 IST" duration-ms="3933" status="PASS">
          <reporter-output>
          </reporter-output>
        </test-method> <!-- init -->
        <test-method signature="enter_email()[pri:0, instance:web.tests.login.LoginPageTest@49e53c76]" started-at="2024-02-02T16:55:56 IST" name="enter_email" finished-at="2024-02-02T16:56:06 IST" duration-ms="9387" status="PASS">
          <reporter-output>
            <line>
              <![CDATA[Enter text harshalsomani23@gmail.com at locator Email]]>
            </line>
            <line>
              <![CDATA[Enter text Harshal@2110 at locator password]]>
            </line>
            <line>
              <![CDATA[Click on login button]]>
            </line>
          </reporter-output>
        </test-method> <!-- enter_email -->
        <test-method is-config="true" signature="tear_down(org.testng.ITestResult)[pri:0, instance:web.tests.login.LoginPageTest@49e53c76]" started-at="2024-02-02T16:56:06 IST" name="tear_down" finished-at="2024-02-02T16:56:06 IST" duration-ms="199" status="PASS">
          <params>
            <param index="0">
              <value>
                <![CDATA[[TestResult name=enter_email status=SUCCESS method=LoginPageTest.enter_email()[pri:0, instance:web.tests.login.LoginPageTest@49e53c76] output=Enter text harshalsomani23@gmail.com at locator Email]]]>
              </value>
            </param>
          </params>
          <reporter-output>
          </reporter-output>
        </test-method> <!-- tear_down -->
      </class> <!-- web.tests.login.LoginPageTest -->
    </test> <!-- enter_email -->
    <test started-at="2024-02-02T16:56:04 IST" name="verify_forgotten_password_text_is_present" finished-at="2024-02-02T16:56:07 IST" duration-ms="2454">
      <class name="web.tests.login.Invalid_Login_Test">
        <test-method is-config="true" signature="init()[pri:0, instance:web.tests.login.Invalid_Login_Test@4116aac9]" started-at="2024-02-02T16:56:04 IST" name="init" finished-at="2024-02-02T16:56:06 IST" duration-ms="1816" status="PASS">
          <reporter-output>
          </reporter-output>
        </test-method> <!-- init -->
        <test-method signature="verify_forgotten_password_text_is_present()[pri:0, instance:web.tests.login.Invalid_Login_Test@4116aac9]" started-at="2024-02-02T16:56:06 IST" name="verify_forgotten_password_text_is_present" finished-at="2024-02-02T16:56:06 IST" duration-ms="86" status="PASS">
          <reporter-output>
            <line>
              <![CDATA[verify Forgot password text is displayed]]>
            </line>
            <line>
              <![CDATA[<h1 style="color:green;font-size:15px;">Test Passed</h1> ]]>
            </line>
          </reporter-output>
        </test-method> <!-- verify_forgotten_password_text_is_present -->
        <test-method is-config="true" signature="tear_down(org.testng.ITestResult)[pri:0, instance:web.tests.login.Invalid_Login_Test@4116aac9]" started-at="2024-02-02T16:56:06 IST" name="tear_down" finished-at="2024-02-02T16:56:07 IST" duration-ms="551" status="PASS">
          <params>
            <param index="0">
              <value>
                <![CDATA[[TestResult name=verify_forgotten_password_text_is_present status=SUCCESS method=Invalid_Login_Test.verify_forgotten_password_text_is_present()[pri:0, instance:web.tests.login.Invalid_Login_Test@4116aac9] output=verify Forgot password text is displayed]]]>
              </value>
            </param>
          </params>
          <reporter-output>
          </reporter-output>
        </test-method> <!-- tear_down -->
      </class> <!-- web.tests.login.Invalid_Login_Test -->
    </test> <!-- verify_forgotten_password_text_is_present -->
    <test started-at="2024-02-02T16:56:07 IST" name="verify_facebook_logo_is_present" finished-at="2024-02-02T16:56:09 IST" duration-ms="2294">
      <class name="web.tests.login.Invalid_Login_Test">
        <test-method is-config="true" signature="init()[pri:0, instance:web.tests.login.Invalid_Login_Test@489115ef]" started-at="2024-02-02T16:56:07 IST" name="init" finished-at="2024-02-02T16:56:09 IST" duration-ms="2083" status="PASS">
          <reporter-output>
          </reporter-output>
        </test-method> <!-- init -->
        <test-method signature="verify_facebook_logo_is_present()[pri:0, instance:web.tests.login.Invalid_Login_Test@489115ef]" started-at="2024-02-02T16:56:09 IST" name="verify_facebook_logo_is_present" finished-at="2024-02-02T16:56:09 IST" duration-ms="34" status="PASS">
          <reporter-output>
            <line>
              <![CDATA[verify Facebook logo is displayed]]>
            </line>
            <line>
              <![CDATA[<h1 style="color:green;font-size:15px;">Test Passed</h1> ]]>
            </line>
          </reporter-output>
        </test-method> <!-- verify_facebook_logo_is_present -->
        <test-method is-config="true" signature="tear_down(org.testng.ITestResult)[pri:0, instance:web.tests.login.Invalid_Login_Test@489115ef]" started-at="2024-02-02T16:56:09 IST" name="tear_down" finished-at="2024-02-02T16:56:09 IST" duration-ms="174" status="PASS">
          <params>
            <param index="0">
              <value>
                <![CDATA[[TestResult name=verify_facebook_logo_is_present status=SUCCESS method=Invalid_Login_Test.verify_facebook_logo_is_present()[pri:0, instance:web.tests.login.Invalid_Login_Test@489115ef] output=verify Facebook logo is displayed]]]>
              </value>
            </param>
          </params>
          <reporter-output>
          </reporter-output>
        </test-method> <!-- tear_down -->
      </class> <!-- web.tests.login.Invalid_Login_Test -->
    </test> <!-- verify_facebook_logo_is_present -->
    <test started-at="2024-02-02T16:56:06 IST" name="verify_forgotten_password_link_is_working" finished-at="2024-02-02T16:56:10 IST" duration-ms="4206">
      <class name="web.tests.login.Invalid_Login_Test">
        <test-method is-config="true" signature="init()[pri:0, instance:web.tests.login.Invalid_Login_Test@6ed3ccb2]" started-at="2024-02-02T16:56:06 IST" name="init" finished-at="2024-02-02T16:56:08 IST" duration-ms="2258" status="PASS">
          <reporter-output>
          </reporter-output>
        </test-method> <!-- init -->
        <test-method signature="verify_forgotten_password_link_is_working()[pri:0, instance:web.tests.login.Invalid_Login_Test@6ed3ccb2]" started-at="2024-02-02T16:56:08 IST" name="verify_forgotten_password_link_is_working" finished-at="2024-02-02T16:56:10 IST" duration-ms="1699" status="PASS">
          <reporter-output>
            <line>
              <![CDATA[Click on Forgot password text]]>
            </line>
            <line>
              <![CDATA[verify Forgot password link is displayed]]>
            </line>
            <line>
              <![CDATA[<h1 style="color:green;font-size:15px;">Test Passed</h1> ]]>
            </line>
          </reporter-output>
        </test-method> <!-- verify_forgotten_password_link_is_working -->
        <test-method is-config="true" signature="tear_down(org.testng.ITestResult)[pri:0, instance:web.tests.login.Invalid_Login_Test@6ed3ccb2]" started-at="2024-02-02T16:56:10 IST" name="tear_down" finished-at="2024-02-02T16:56:10 IST" duration-ms="249" status="PASS">
          <params>
            <param index="0">
              <value>
                <![CDATA[[TestResult name=verify_forgotten_password_link_is_working status=SUCCESS method=Invalid_Login_Test.verify_forgotten_password_link_is_working()[pri:0, instance:web.tests.login.Invalid_Login_Test@6ed3ccb2] output=Click on Forgot password text]]]>
              </value>
            </param>
          </params>
          <reporter-output>
          </reporter-output>
        </test-method> <!-- tear_down -->
      </class> <!-- web.tests.login.Invalid_Login_Test -->
    </test> <!-- verify_forgotten_password_link_is_working -->
    <test started-at="2024-02-02T16:56:09 IST" name="verify_facebook_page_text_is_present" finished-at="2024-02-02T16:56:11 IST" duration-ms="2510">
      <class name="web.tests.login.Invalid_Login_Test">
        <test-method is-config="true" signature="init()[pri:0, instance:web.tests.login.Invalid_Login_Test@7c6908d7]" started-at="2024-02-02T16:56:09 IST" name="init" finished-at="2024-02-02T16:56:11 IST" duration-ms="2348" status="PASS">
          <reporter-output>
          </reporter-output>
        </test-method> <!-- init -->
        <test-method signature="verify_facebook_page_text_is_present()[pri:0, instance:web.tests.login.Invalid_Login_Test@7c6908d7]" started-at="2024-02-02T16:56:11 IST" name="verify_facebook_page_text_is_present" finished-at="2024-02-02T16:56:11 IST" duration-ms="36" status="PASS">
          <reporter-output>
            <line>
              <![CDATA[verify Facebook page text is displayed]]>
            </line>
            <line>
              <![CDATA[<h1 style="color:green;font-size:15px;">Test Passed</h1> ]]>
            </line>
          </reporter-output>
        </test-method> <!-- verify_facebook_page_text_is_present -->
        <test-method is-config="true" signature="tear_down(org.testng.ITestResult)[pri:0, instance:web.tests.login.Invalid_Login_Test@7c6908d7]" started-at="2024-02-02T16:56:11 IST" name="tear_down" finished-at="2024-02-02T16:56:11 IST" duration-ms="124" status="PASS">
          <params>
            <param index="0">
              <value>
                <![CDATA[[TestResult name=verify_facebook_page_text_is_present status=SUCCESS method=Invalid_Login_Test.verify_facebook_page_text_is_present()[pri:0, instance:web.tests.login.Invalid_Login_Test@7c6908d7] output=verify Facebook page text is displayed]]]>
              </value>
            </param>
          </params>
          <reporter-output>
          </reporter-output>
        </test-method> <!-- tear_down -->
      </class> <!-- web.tests.login.Invalid_Login_Test -->
    </test> <!-- verify_facebook_page_text_is_present -->
    <test started-at="2024-02-02T16:56:10 IST" name="verify_create_a_page_hypertext_is_present" finished-at="2024-02-02T16:56:12 IST" duration-ms="2509">
      <class name="web.tests.login.Invalid_Login_Test">
        <test-method is-config="true" signature="init()[pri:0, instance:web.tests.login.Invalid_Login_Test@79079097]" started-at="2024-02-02T16:56:10 IST" name="init" finished-at="2024-02-02T16:56:12 IST" duration-ms="2158" status="PASS">
          <reporter-output>
          </reporter-output>
        </test-method> <!-- init -->
        <test-method signature="verify_create_a_page_hypertext_is_present()[pri:0, instance:web.tests.login.Invalid_Login_Test@79079097]" started-at="2024-02-02T16:56:12 IST" name="verify_create_a_page_hypertext_is_present" finished-at="2024-02-02T16:56:12 IST" duration-ms="97" status="PASS">
          <reporter-output>
            <line>
              <![CDATA[verify Create a page hypertext is displayed]]>
            </line>
            <line>
              <![CDATA[<h1 style="color:green;font-size:15px;">Test Passed</h1> ]]>
            </line>
          </reporter-output>
        </test-method> <!-- verify_create_a_page_hypertext_is_present -->
        <test-method is-config="true" signature="tear_down(org.testng.ITestResult)[pri:0, instance:web.tests.login.Invalid_Login_Test@79079097]" started-at="2024-02-02T16:56:12 IST" name="tear_down" finished-at="2024-02-02T16:56:12 IST" duration-ms="251" status="PASS">
          <params>
            <param index="0">
              <value>
                <![CDATA[[TestResult name=verify_create_a_page_hypertext_is_present status=SUCCESS method=Invalid_Login_Test.verify_create_a_page_hypertext_is_present()[pri:0, instance:web.tests.login.Invalid_Login_Test@79079097] output=verify Create a page hypertext is displayed]]]>
              </value>
            </param>
          </params>
          <reporter-output>
          </reporter-output>
        </test-method> <!-- tear_down -->
      </class> <!-- web.tests.login.Invalid_Login_Test -->
    </test> <!-- verify_create_a_page_hypertext_is_present -->
    <test started-at="2024-02-02T16:56:12 IST" name="verify_create_new_account_text_is_visible" finished-at="2024-02-02T16:56:15 IST" duration-ms="2362">
      <class name="web.tests.login.Invalid_Login_Test">
        <test-method is-config="true" signature="init()[pri:0, instance:web.tests.login.Invalid_Login_Test@302552ec]" started-at="2024-02-02T16:56:12 IST" name="init" finished-at="2024-02-02T16:56:15 IST" duration-ms="2124" status="PASS">
          <reporter-output>
          </reporter-output>
        </test-method> <!-- init -->
        <test-method signature="verify_create_new_account_text_is_visible()[pri:0, instance:web.tests.login.Invalid_Login_Test@302552ec]" started-at="2024-02-02T16:56:15 IST" name="verify_create_new_account_text_is_visible" finished-at="2024-02-02T16:56:15 IST" duration-ms="50" status="PASS">
          <reporter-output>
            <line>
              <![CDATA[verify Create new account text is displayed]]>
            </line>
            <line>
              <![CDATA[<h1 style="color:green;font-size:15px;">Test Passed</h1> ]]>
            </line>
          </reporter-output>
        </test-method> <!-- verify_create_new_account_text_is_visible -->
        <test-method is-config="true" signature="tear_down(org.testng.ITestResult)[pri:0, instance:web.tests.login.Invalid_Login_Test@302552ec]" started-at="2024-02-02T16:56:15 IST" name="tear_down" finished-at="2024-02-02T16:56:15 IST" duration-ms="188" status="PASS">
          <params>
            <param index="0">
              <value>
                <![CDATA[[TestResult name=verify_create_new_account_text_is_visible status=SUCCESS method=Invalid_Login_Test.verify_create_new_account_text_is_visible()[pri:0, instance:web.tests.login.Invalid_Login_Test@302552ec] output=verify Create new account text is displayed]]]>
              </value>
            </param>
          </params>
          <reporter-output>
          </reporter-output>
        </test-method> <!-- tear_down -->
      </class> <!-- web.tests.login.Invalid_Login_Test -->
    </test> <!-- verify_create_new_account_text_is_visible -->
    <test started-at="2024-02-02T16:56:11 IST" name="verify_create_a_page_hyperlink_is_working" finished-at="2024-02-02T16:56:16 IST" duration-ms="4570">
      <class name="web.tests.login.Invalid_Login_Test">
        <test-method is-config="true" signature="init()[pri:0, instance:web.tests.login.Invalid_Login_Test@4e08711f]" started-at="2024-02-02T16:56:11 IST" name="init" finished-at="2024-02-02T16:56:14 IST" duration-ms="2180" status="PASS">
          <reporter-output>
          </reporter-output>
        </test-method> <!-- init -->
        <test-method signature="verify_create_a_page_hyperlink_is_working()[pri:0, instance:web.tests.login.Invalid_Login_Test@4e08711f]" started-at="2024-02-02T16:56:14 IST" name="verify_create_a_page_hyperlink_is_working" finished-at="2024-02-02T16:56:16 IST" duration-ms="2233" status="PASS">
          <reporter-output>
            <line>
              <![CDATA[Click on Create a page hypertext]]>
            </line>
            <line>
              <![CDATA[Enter text harshalsomani23@gmail.com at locator Email]]>
            </line>
            <line>
              <![CDATA[Enter text Harshal@2110 at locator password]]>
            </line>
            <line>
              <![CDATA[Click on Create a page hyperlink login button]]>
            </line>
          </reporter-output>
        </test-method> <!-- verify_create_a_page_hyperlink_is_working -->
        <test-method is-config="true" signature="tear_down(org.testng.ITestResult)[pri:0, instance:web.tests.login.Invalid_Login_Test@4e08711f]" started-at="2024-02-02T16:56:16 IST" name="tear_down" finished-at="2024-02-02T16:56:16 IST" duration-ms="156" status="PASS">
          <params>
            <param index="0">
              <value>
                <![CDATA[[TestResult name=verify_create_a_page_hyperlink_is_working status=SUCCESS method=Invalid_Login_Test.verify_create_a_page_hyperlink_is_working()[pri:0, instance:web.tests.login.Invalid_Login_Test@4e08711f] output=Click on Create a page hypertext]]]>
              </value>
            </param>
          </params>
          <reporter-output>
          </reporter-output>
        </test-method> <!-- tear_down -->
      </class> <!-- web.tests.login.Invalid_Login_Test -->
    </test> <!-- verify_create_a_page_hyperlink_is_working -->
    <test started-at="2024-02-02T16:56:15 IST" name="verify_create_new_account_hypertext_link_is_working" finished-at="2024-02-02T16:56:17 IST" duration-ms="2367">
      <class name="web.tests.login.Invalid_Login_Test">
        <test-method is-config="true" signature="init()[pri:0, instance:web.tests.login.Invalid_Login_Test@2cd76f31]" started-at="2024-02-02T16:56:15 IST" name="init" finished-at="2024-02-02T16:56:17 IST" duration-ms="2155" status="PASS">
          <reporter-output>
          </reporter-output>
        </test-method> <!-- init -->
        <test-method signature="verify_create_new_account_hypertext_link_is_working()[pri:0, instance:web.tests.login.Invalid_Login_Test@2cd76f31]" started-at="2024-02-02T16:56:17 IST" name="verify_create_new_account_hypertext_link_is_working" finished-at="2024-02-02T16:56:17 IST" duration-ms="76" status="PASS">
          <reporter-output>
            <line>
              <![CDATA[Click on Create new account]]>
            </line>
          </reporter-output>
        </test-method> <!-- verify_create_new_account_hypertext_link_is_working -->
        <test-method is-config="true" signature="tear_down(org.testng.ITestResult)[pri:0, instance:web.tests.login.Invalid_Login_Test@2cd76f31]" started-at="2024-02-02T16:56:17 IST" name="tear_down" finished-at="2024-02-02T16:56:17 IST" duration-ms="136" status="PASS">
          <params>
            <param index="0">
              <value>
                <![CDATA[[TestResult name=verify_create_new_account_hypertext_link_is_working status=SUCCESS method=Invalid_Login_Test.verify_create_new_account_hypertext_link_is_working()[pri:0, instance:web.tests.login.Invalid_Login_Test@2cd76f31] output=Click on Create new account]]]>
              </value>
            </param>
          </params>
          <reporter-output>
          </reporter-output>
        </test-method> <!-- tear_down -->
      </class> <!-- web.tests.login.Invalid_Login_Test -->
    </test> <!-- verify_create_new_account_hypertext_link_is_working -->
    <test started-at="2024-02-02T16:56:16 IST" name="verify_gujarati_language_text_is_present_on_page" finished-at="2024-02-02T16:56:18 IST" duration-ms="2333">
      <class name="web.tests.login.Invalid_Login_Test">
        <test-method is-config="true" signature="init()[pri:0, instance:web.tests.login.Invalid_Login_Test@ba2f4ec]" started-at="2024-02-02T16:56:16 IST" name="init" finished-at="2024-02-02T16:56:18 IST" duration-ms="2172" status="PASS">
          <reporter-output>
          </reporter-output>
        </test-method> <!-- init -->
        <test-method signature="verify_gujarati_language_text_is_present_on_page()[pri:0, instance:web.tests.login.Invalid_Login_Test@ba2f4ec]" started-at="2024-02-02T16:56:18 IST" name="verify_gujarati_language_text_is_present_on_page" finished-at="2024-02-02T16:56:18 IST" duration-ms="42" status="PASS">
          <reporter-output>
            <line>
              <![CDATA[verify Gujarati hypertext is displayed]]>
            </line>
            <line>
              <![CDATA[<h1 style="color:green;font-size:15px;">Test Passed</h1> ]]>
            </line>
          </reporter-output>
        </test-method> <!-- verify_gujarati_language_text_is_present_on_page -->
        <test-method is-config="true" signature="tear_down(org.testng.ITestResult)[pri:0, instance:web.tests.login.Invalid_Login_Test@ba2f4ec]" started-at="2024-02-02T16:56:18 IST" name="tear_down" finished-at="2024-02-02T16:56:18 IST" duration-ms="119" status="PASS">
          <params>
            <param index="0">
              <value>
                <![CDATA[[TestResult name=verify_gujarati_language_text_is_present_on_page status=SUCCESS method=Invalid_Login_Test.verify_gujarati_language_text_is_present_on_page()[pri:0, instance:web.tests.login.Invalid_Login_Test@ba2f4ec] output=verify Gujarati hypertext is displayed]]]>
              </value>
            </param>
          </params>
          <reporter-output>
          </reporter-output>
        </test-method> <!-- tear_down -->
      </class> <!-- web.tests.login.Invalid_Login_Test -->
    </test> <!-- verify_gujarati_language_text_is_present_on_page -->
    <test started-at="2024-02-02T16:56:17 IST" name="verify_gujarati_hypertext_link_is_working" finished-at="2024-02-02T16:56:20 IST" duration-ms="3190">
      <class name="web.tests.login.Invalid_Login_Test">
        <test-method is-config="true" signature="init()[pri:0, instance:web.tests.login.Invalid_Login_Test@fbd1f6]" started-at="2024-02-02T16:56:17 IST" name="init" finished-at="2024-02-02T16:56:19 IST" duration-ms="2144" status="PASS">
          <reporter-output>
          </reporter-output>
        </test-method> <!-- init -->
        <test-method signature="verify_gujarati_hypertext_link_is_working()[pri:0, instance:web.tests.login.Invalid_Login_Test@fbd1f6]" started-at="2024-02-02T16:56:19 IST" name="verify_gujarati_hypertext_link_is_working" finished-at="2024-02-02T16:56:20 IST" duration-ms="857" status="PASS">
          <reporter-output>
            <line>
              <![CDATA[Click on Gujarati hypertext]]>
            </line>
          </reporter-output>
        </test-method> <!-- verify_gujarati_hypertext_link_is_working -->
        <test-method is-config="true" signature="tear_down(org.testng.ITestResult)[pri:0, instance:web.tests.login.Invalid_Login_Test@fbd1f6]" started-at="2024-02-02T16:56:20 IST" name="tear_down" finished-at="2024-02-02T16:56:20 IST" duration-ms="185" status="PASS">
          <params>
            <param index="0">
              <value>
                <![CDATA[[TestResult name=verify_gujarati_hypertext_link_is_working status=SUCCESS method=Invalid_Login_Test.verify_gujarati_hypertext_link_is_working()[pri:0, instance:web.tests.login.Invalid_Login_Test@fbd1f6] output=Click on Gujarati hypertext]]]>
              </value>
            </param>
          </params>
          <reporter-output>
          </reporter-output>
        </test-method> <!-- tear_down -->
      </class> <!-- web.tests.login.Invalid_Login_Test -->
    </test> <!-- verify_gujarati_hypertext_link_is_working -->
    <test started-at="2024-02-02T16:56:18 IST" name="verify_marathi_language_text_is_present_on_page" finished-at="2024-02-02T16:56:21 IST" duration-ms="2281">
      <class name="web.tests.login.Invalid_Login_Test">
        <test-method is-config="true" signature="init()[pri:0, instance:web.tests.login.Invalid_Login_Test@7a8c8dcf]" started-at="2024-02-02T16:56:18 IST" name="init" finished-at="2024-02-02T16:56:20 IST" duration-ms="1938" status="PASS">
          <reporter-output>
          </reporter-output>
        </test-method> <!-- init -->
        <test-method signature="verify_marathi_language_text_is_present_on_page()[pri:0, instance:web.tests.login.Invalid_Login_Test@7a8c8dcf]" started-at="2024-02-02T16:56:20 IST" name="verify_marathi_language_text_is_present_on_page" finished-at="2024-02-02T16:56:20 IST" duration-ms="53" status="PASS">
          <reporter-output>
            <line>
              <![CDATA[verify Marathi hypertext is displayed]]>
            </line>
            <line>
              <![CDATA[<h1 style="color:green;font-size:15px;">Test Passed</h1> ]]>
            </line>
          </reporter-output>
        </test-method> <!-- verify_marathi_language_text_is_present_on_page -->
        <test-method is-config="true" signature="tear_down(org.testng.ITestResult)[pri:0, instance:web.tests.login.Invalid_Login_Test@7a8c8dcf]" started-at="2024-02-02T16:56:20 IST" name="tear_down" finished-at="2024-02-02T16:56:21 IST" duration-ms="288" status="PASS">
          <params>
            <param index="0">
              <value>
                <![CDATA[[TestResult name=verify_marathi_language_text_is_present_on_page status=SUCCESS method=Invalid_Login_Test.verify_marathi_language_text_is_present_on_page()[pri:0, instance:web.tests.login.Invalid_Login_Test@7a8c8dcf] output=verify Marathi hypertext is displayed]]]>
              </value>
            </param>
          </params>
          <reporter-output>
          </reporter-output>
        </test-method> <!-- tear_down -->
      </class> <!-- web.tests.login.Invalid_Login_Test -->
    </test> <!-- verify_marathi_language_text_is_present_on_page -->
    <test started-at="2024-02-02T16:56:20 IST" name="verify_marathi_hypertext_link_is_working" finished-at="2024-02-02T16:56:24 IST" duration-ms="3611">
      <class name="web.tests.login.Invalid_Login_Test">
        <test-method is-config="true" signature="init()[pri:0, instance:web.tests.login.Invalid_Login_Test@24aed80c]" started-at="2024-02-02T16:56:20 IST" name="init" finished-at="2024-02-02T16:56:23 IST" duration-ms="2514" status="PASS">
          <reporter-output>
          </reporter-output>
        </test-method> <!-- init -->
        <test-method signature="verify_marathi_hypertext_link_is_working()[pri:0, instance:web.tests.login.Invalid_Login_Test@24aed80c]" started-at="2024-02-02T16:56:23 IST" name="verify_marathi_hypertext_link_is_working" finished-at="2024-02-02T16:56:24 IST" duration-ms="977" status="PASS">
          <reporter-output>
            <line>
              <![CDATA[Click on Marathi hypertext]]>
            </line>
          </reporter-output>
        </test-method> <!-- verify_marathi_hypertext_link_is_working -->
        <test-method is-config="true" signature="tear_down(org.testng.ITestResult)[pri:0, instance:web.tests.login.Invalid_Login_Test@24aed80c]" started-at="2024-02-02T16:56:24 IST" name="tear_down" finished-at="2024-02-02T16:56:24 IST" duration-ms="119" status="PASS">
          <params>
            <param index="0">
              <value>
                <![CDATA[[TestResult name=verify_marathi_hypertext_link_is_working status=SUCCESS method=Invalid_Login_Test.verify_marathi_hypertext_link_is_working()[pri:0, instance:web.tests.login.Invalid_Login_Test@24aed80c] output=Click on Marathi hypertext]]]>
              </value>
            </param>
          </params>
          <reporter-output>
          </reporter-output>
        </test-method> <!-- tear_down -->
      </class> <!-- web.tests.login.Invalid_Login_Test -->
    </test> <!-- verify_marathi_hypertext_link_is_working -->
    <test started-at="2024-02-02T16:56:21 IST" name="verify_valid_email_id_and_invalid_password" finished-at="2024-02-02T16:56:28 IST" duration-ms="7295">
      <class name="web.tests.login.Invalid_Login_Test">
        <test-method is-config="true" signature="init()[pri:0, instance:web.tests.login.Invalid_Login_Test@b3ca52e]" started-at="2024-02-02T16:56:21 IST" name="init" finished-at="2024-02-02T16:56:23 IST" duration-ms="2402" status="PASS">
          <reporter-output>
          </reporter-output>
        </test-method> <!-- init -->
        <test-method signature="verify_valid_email_id_and_invalid_password()[pri:0, instance:web.tests.login.Invalid_Login_Test@b3ca52e]" started-at="2024-02-02T16:56:23 IST" name="verify_valid_email_id_and_invalid_password" finished-at="2024-02-02T16:56:28 IST" duration-ms="4780" status="PASS">
          <reporter-output>
            <line>
              <![CDATA[Enter text harshalsomani23@gmail.com at locator Email]]>
            </line>
            <line>
              <![CDATA[Enter text harshal@2000 at locator password]]>
            </line>
            <line>
              <![CDATA[Click on login button]]>
            </line>
            <line>
              <![CDATA[verify valid Email_invalid_password is displayed]]>
            </line>
            <line>
              <![CDATA[<h1 style="color:green;font-size:15px;">Test Passed</h1> ]]>
            </line>
          </reporter-output>
        </test-method> <!-- verify_valid_email_id_and_invalid_password -->
        <test-method is-config="true" signature="tear_down(org.testng.ITestResult)[pri:0, instance:web.tests.login.Invalid_Login_Test@b3ca52e]" started-at="2024-02-02T16:56:28 IST" name="tear_down" finished-at="2024-02-02T16:56:28 IST" duration-ms="113" status="PASS">
          <params>
            <param index="0">
              <value>
                <![CDATA[[TestResult name=verify_valid_email_id_and_invalid_password status=SUCCESS method=Invalid_Login_Test.verify_valid_email_id_and_invalid_password()[pri:0, instance:web.tests.login.Invalid_Login_Test@b3ca52e] output=Enter text harshalsomani23@gmail.com at locator Email]]]>
              </value>
            </param>
          </params>
          <reporter-output>
          </reporter-output>
        </test-method> <!-- tear_down -->
      </class> <!-- web.tests.login.Invalid_Login_Test -->
    </test> <!-- verify_valid_email_id_and_invalid_password -->
    <test started-at="2024-02-02T16:56:24 IST" name="verify_invalid_email_id_and_valid_password" finished-at="2024-02-02T16:56:29 IST" duration-ms="4971">
      <class name="web.tests.login.Invalid_Login_Test">
        <test-method is-config="true" signature="init()[pri:0, instance:web.tests.login.Invalid_Login_Test@710f4dc7]" started-at="2024-02-02T16:56:24 IST" name="init" finished-at="2024-02-02T16:56:26 IST" duration-ms="1889" status="PASS">
          <reporter-output>
          </reporter-output>
        </test-method> <!-- init -->
        <test-method signature="verify_invalid_email_id_and_valid_password()[pri:0, instance:web.tests.login.Invalid_Login_Test@710f4dc7]" started-at="2024-02-02T16:56:26 IST" name="verify_invalid_email_id_and_valid_password" finished-at="2024-02-02T16:56:29 IST" duration-ms="2955" status="PASS">
          <reporter-output>
            <line>
              <![CDATA[Enter text orangejuice3323@gmail.com at locator Email]]>
            </line>
            <line>
              <![CDATA[Enter text Harshal@2110 at locator password]]>
            </line>
            <line>
              <![CDATA[Click on login button]]>
            </line>
            <line>
              <![CDATA[verify button is displayed]]>
            </line>
            <line>
              <![CDATA[<h1 style="color:green;font-size:15px;">Test Passed</h1> ]]>
            </line>
          </reporter-output>
        </test-method> <!-- verify_invalid_email_id_and_valid_password -->
        <test-method is-config="true" signature="tear_down(org.testng.ITestResult)[pri:0, instance:web.tests.login.Invalid_Login_Test@710f4dc7]" started-at="2024-02-02T16:56:29 IST" name="tear_down" finished-at="2024-02-02T16:56:29 IST" duration-ms="125" status="PASS">
          <params>
            <param index="0">
              <value>
                <![CDATA[[TestResult name=verify_invalid_email_id_and_valid_password status=SUCCESS method=Invalid_Login_Test.verify_invalid_email_id_and_valid_password()[pri:0, instance:web.tests.login.Invalid_Login_Test@710f4dc7] output=Enter text orangejuice3323@gmail.com at locator Email]]]>
              </value>
            </param>
          </params>
          <reporter-output>
          </reporter-output>
        </test-method> <!-- tear_down -->
      </class> <!-- web.tests.login.Invalid_Login_Test -->
    </test> <!-- verify_invalid_email_id_and_valid_password -->
    <test started-at="2024-02-02T16:56:28 IST" name="verify_invalid_email_id_with_numbers" finished-at="2024-02-02T16:56:31 IST" duration-ms="3452">
      <class name="web.tests.login.Invalid_Login_Test">
        <test-method is-config="true" signature="init()[pri:0, instance:web.tests.login.Invalid_Login_Test@61322f9d]" started-at="2024-02-02T16:56:28 IST" name="init" finished-at="2024-02-02T16:56:30 IST" duration-ms="1978" status="PASS">
          <reporter-output>
          </reporter-output>
        </test-method> <!-- init -->
        <test-method signature="verify_invalid_email_id_with_numbers()[pri:0, instance:web.tests.login.Invalid_Login_Test@61322f9d]" started-at="2024-02-02T16:56:30 IST" name="verify_invalid_email_id_with_numbers" finished-at="2024-02-02T16:56:31 IST" duration-ms="1296" status="PASS">
          <reporter-output>
            <line>
              <![CDATA[Enter text 1234455669826892732093799@gmail.com at locator Email]]>
            </line>
            <line>
              <![CDATA[Enter text Harshal@2110 at locator password]]>
            </line>
            <line>
              <![CDATA[Click on login button]]>
            </line>
            <line>
              <![CDATA[verify button is displayed]]>
            </line>
            <line>
              <![CDATA[<h1 style="color:green;font-size:15px;">Test Passed</h1> ]]>
            </line>
          </reporter-output>
        </test-method> <!-- verify_invalid_email_id_with_numbers -->
        <test-method is-config="true" signature="tear_down(org.testng.ITestResult)[pri:0, instance:web.tests.login.Invalid_Login_Test@61322f9d]" started-at="2024-02-02T16:56:31 IST" name="tear_down" finished-at="2024-02-02T16:56:31 IST" duration-ms="176" status="PASS">
          <params>
            <param index="0">
              <value>
                <![CDATA[[TestResult name=verify_invalid_email_id_with_numbers status=SUCCESS method=Invalid_Login_Test.verify_invalid_email_id_with_numbers()[pri:0, instance:web.tests.login.Invalid_Login_Test@61322f9d] output=Enter text 1234455669826892732093799@gmail.com at locator Email]]]>
              </value>
            </param>
          </params>
          <reporter-output>
          </reporter-output>
        </test-method> <!-- tear_down -->
      </class> <!-- web.tests.login.Invalid_Login_Test -->
    </test> <!-- verify_invalid_email_id_with_numbers -->
    <test started-at="2024-02-02T16:56:31 IST" name="verify_urdu_language_text_is_present_on_page" finished-at="2024-02-02T16:56:33 IST" duration-ms="2106">
      <class name="web.tests.login.Invalid_Login_Test">
        <test-method is-config="true" signature="init()[pri:0, instance:web.tests.login.Invalid_Login_Test@b2c9a9c]" started-at="2024-02-02T16:56:31 IST" name="init" finished-at="2024-02-02T16:56:33 IST" duration-ms="1930" status="PASS">
          <reporter-output>
          </reporter-output>
        </test-method> <!-- init -->
        <test-method signature="verify_urdu_language_text_is_present_on_page()[pri:0, instance:web.tests.login.Invalid_Login_Test@b2c9a9c]" started-at="2024-02-02T16:56:33 IST" name="verify_urdu_language_text_is_present_on_page" finished-at="2024-02-02T16:56:33 IST" duration-ms="25" status="PASS">
          <reporter-output>
            <line>
              <![CDATA[verify Urdu hypertext is displayed]]>
            </line>
            <line>
              <![CDATA[<h1 style="color:green;font-size:15px;">Test Passed</h1> ]]>
            </line>
          </reporter-output>
        </test-method> <!-- verify_urdu_language_text_is_present_on_page -->
        <test-method is-config="true" signature="tear_down(org.testng.ITestResult)[pri:0, instance:web.tests.login.Invalid_Login_Test@b2c9a9c]" started-at="2024-02-02T16:56:33 IST" name="tear_down" finished-at="2024-02-02T16:56:33 IST" duration-ms="150" status="PASS">
          <params>
            <param index="0">
              <value>
                <![CDATA[[TestResult name=verify_urdu_language_text_is_present_on_page status=SUCCESS method=Invalid_Login_Test.verify_urdu_language_text_is_present_on_page()[pri:0, instance:web.tests.login.Invalid_Login_Test@b2c9a9c] output=verify Urdu hypertext is displayed]]]>
              </value>
            </param>
          </params>
          <reporter-output>
          </reporter-output>
        </test-method> <!-- tear_down -->
      </class> <!-- web.tests.login.Invalid_Login_Test -->
    </test> <!-- verify_urdu_language_text_is_present_on_page -->
    <test started-at="2024-02-02T16:56:33 IST" name="verify_urdu_hypertext_link_is_working" finished-at="2024-02-02T16:56:37 IST" duration-ms="3049">
      <class name="web.tests.login.Invalid_Login_Test">
        <test-method is-config="true" signature="init()[pri:0, instance:web.tests.login.Invalid_Login_Test@3bd82cf5]" started-at="2024-02-02T16:56:33 IST" name="init" finished-at="2024-02-02T16:56:35 IST" duration-ms="1902" status="PASS">
          <reporter-output>
          </reporter-output>
        </test-method> <!-- init -->
        <test-method signature="verify_urdu_hypertext_link_is_working()[pri:0, instance:web.tests.login.Invalid_Login_Test@3bd82cf5]" started-at="2024-02-02T16:56:35 IST" name="verify_urdu_hypertext_link_is_working" finished-at="2024-02-02T16:56:36 IST" duration-ms="1001" status="PASS">
          <reporter-output>
            <line>
              <![CDATA[Click on Urdu hypertext]]>
            </line>
          </reporter-output>
        </test-method> <!-- verify_urdu_hypertext_link_is_working -->
        <test-method is-config="true" signature="tear_down(org.testng.ITestResult)[pri:0, instance:web.tests.login.Invalid_Login_Test@3bd82cf5]" started-at="2024-02-02T16:56:36 IST" name="tear_down" finished-at="2024-02-02T16:56:37 IST" duration-ms="144" status="PASS">
          <params>
            <param index="0">
              <value>
                <![CDATA[[TestResult name=verify_urdu_hypertext_link_is_working status=SUCCESS method=Invalid_Login_Test.verify_urdu_hypertext_link_is_working()[pri:0, instance:web.tests.login.Invalid_Login_Test@3bd82cf5] output=Click on Urdu hypertext]]]>
              </value>
            </param>
          </params>
          <reporter-output>
          </reporter-output>
        </test-method> <!-- tear_down -->
      </class> <!-- web.tests.login.Invalid_Login_Test -->
    </test> <!-- verify_urdu_hypertext_link_is_working -->
    <test started-at="2024-02-02T16:56:37 IST" name="verify_punjabi_language_text_is_present_on_page" finished-at="2024-02-02T16:56:39 IST" duration-ms="2115">
      <class name="web.tests.login.Invalid_Login_Test">
        <test-method is-config="true" signature="init()[pri:0, instance:web.tests.login.Invalid_Login_Test@d35dea7]" started-at="2024-02-02T16:56:37 IST" name="init" finished-at="2024-02-02T16:56:38 IST" duration-ms="1954" status="PASS">
          <reporter-output>
          </reporter-output>
        </test-method> <!-- init -->
        <test-method signature="verify_punjabi_language_text_is_present_on_page()[pri:0, instance:web.tests.login.Invalid_Login_Test@d35dea7]" started-at="2024-02-02T16:56:38 IST" name="verify_punjabi_language_text_is_present_on_page" finished-at="2024-02-02T16:56:39 IST" duration-ms="33" status="PASS">
          <reporter-output>
            <line>
              <![CDATA[verify Punjabi hypertext is displayed]]>
            </line>
            <line>
              <![CDATA[<h1 style="color:green;font-size:15px;">Test Passed</h1> ]]>
            </line>
          </reporter-output>
        </test-method> <!-- verify_punjabi_language_text_is_present_on_page -->
        <test-method is-config="true" signature="tear_down(org.testng.ITestResult)[pri:0, instance:web.tests.login.Invalid_Login_Test@d35dea7]" started-at="2024-02-02T16:56:39 IST" name="tear_down" finished-at="2024-02-02T16:56:39 IST" duration-ms="126" status="PASS">
          <params>
            <param index="0">
              <value>
                <![CDATA[[TestResult name=verify_punjabi_language_text_is_present_on_page status=SUCCESS method=Invalid_Login_Test.verify_punjabi_language_text_is_present_on_page()[pri:0, instance:web.tests.login.Invalid_Login_Test@d35dea7] output=verify Punjabi hypertext is displayed]]]>
              </value>
            </param>
          </params>
          <reporter-output>
          </reporter-output>
        </test-method> <!-- tear_down -->
      </class> <!-- web.tests.login.Invalid_Login_Test -->
    </test> <!-- verify_punjabi_language_text_is_present_on_page -->
    <test started-at="2024-02-02T16:56:39 IST" name="verify_punjabi_hypertext_link_is_working" finished-at="2024-02-02T16:56:42 IST" duration-ms="3437">
      <class name="web.tests.login.Invalid_Login_Test">
        <test-method is-config="true" signature="init()[pri:0, instance:web.tests.login.Invalid_Login_Test@24313fcc]" started-at="2024-02-02T16:56:39 IST" name="init" finished-at="2024-02-02T16:56:41 IST" duration-ms="2050" status="PASS">
          <reporter-output>
          </reporter-output>
        </test-method> <!-- init -->
        <test-method signature="verify_punjabi_hypertext_link_is_working()[pri:0, instance:web.tests.login.Invalid_Login_Test@24313fcc]" started-at="2024-02-02T16:56:41 IST" name="verify_punjabi_hypertext_link_is_working" finished-at="2024-02-02T16:56:42 IST" duration-ms="1202" status="PASS">
          <reporter-output>
            <line>
              <![CDATA[Click on Punjabi hypertext]]>
            </line>
          </reporter-output>
        </test-method> <!-- verify_punjabi_hypertext_link_is_working -->
        <test-method is-config="true" signature="tear_down(org.testng.ITestResult)[pri:0, instance:web.tests.login.Invalid_Login_Test@24313fcc]" started-at="2024-02-02T16:56:42 IST" name="tear_down" finished-at="2024-02-02T16:56:42 IST" duration-ms="182" status="PASS">
          <params>
            <param index="0">
              <value>
                <![CDATA[[TestResult name=verify_punjabi_hypertext_link_is_working status=SUCCESS method=Invalid_Login_Test.verify_punjabi_hypertext_link_is_working()[pri:0, instance:web.tests.login.Invalid_Login_Test@24313fcc] output=Click on Punjabi hypertext]]]>
              </value>
            </param>
          </params>
          <reporter-output>
          </reporter-output>
        </test-method> <!-- tear_down -->
      </class> <!-- web.tests.login.Invalid_Login_Test -->
    </test> <!-- verify_punjabi_hypertext_link_is_working -->
    <test started-at="2024-02-02T16:56:42 IST" name="verify_tamil_language_text_is_present_on_page" finished-at="2024-02-02T16:56:44 IST" duration-ms="2272">
      <class name="web.tests.login.Invalid_Login_Test">
        <test-method is-config="true" signature="init()[pri:0, instance:web.tests.login.Invalid_Login_Test@41a2befb]" started-at="2024-02-02T16:56:42 IST" name="init" finished-at="2024-02-02T16:56:44 IST" duration-ms="2041" status="PASS">
          <reporter-output>
          </reporter-output>
        </test-method> <!-- init -->
        <test-method signature="verify_tamil_language_text_is_present_on_page()[pri:0, instance:web.tests.login.Invalid_Login_Test@41a2befb]" started-at="2024-02-02T16:56:44 IST" name="verify_tamil_language_text_is_present_on_page" finished-at="2024-02-02T16:56:44 IST" duration-ms="39" status="PASS">
          <reporter-output>
            <line>
              <![CDATA[verify Tamil hypertext is displayed]]>
            </line>
            <line>
              <![CDATA[<h1 style="color:green;font-size:15px;">Test Passed</h1> ]]>
            </line>
          </reporter-output>
        </test-method> <!-- verify_tamil_language_text_is_present_on_page -->
        <test-method is-config="true" signature="tear_down(org.testng.ITestResult)[pri:0, instance:web.tests.login.Invalid_Login_Test@41a2befb]" started-at="2024-02-02T16:56:44 IST" name="tear_down" finished-at="2024-02-02T16:56:44 IST" duration-ms="191" status="PASS">
          <params>
            <param index="0">
              <value>
                <![CDATA[[TestResult name=verify_tamil_language_text_is_present_on_page status=SUCCESS method=Invalid_Login_Test.verify_tamil_language_text_is_present_on_page()[pri:0, instance:web.tests.login.Invalid_Login_Test@41a2befb] output=verify Tamil hypertext is displayed]]]>
              </value>
            </param>
          </params>
          <reporter-output>
          </reporter-output>
        </test-method> <!-- tear_down -->
      </class> <!-- web.tests.login.Invalid_Login_Test -->
    </test> <!-- verify_tamil_language_text_is_present_on_page -->
    <test started-at="2024-02-02T16:56:44 IST" name="verify_tamil_hypertext_link_is_working" finished-at="2024-02-02T16:56:47 IST" duration-ms="3102">
      <class name="web.tests.login.Invalid_Login_Test">
        <test-method is-config="true" signature="init()[pri:0, instance:web.tests.login.Invalid_Login_Test@131ef10]" started-at="2024-02-02T16:56:44 IST" name="init" finished-at="2024-02-02T16:56:46 IST" duration-ms="1933" status="PASS">
          <reporter-output>
          </reporter-output>
        </test-method> <!-- init -->
        <test-method signature="verify_tamil_hypertext_link_is_working()[pri:0, instance:web.tests.login.Invalid_Login_Test@131ef10]" started-at="2024-02-02T16:56:46 IST" name="verify_tamil_hypertext_link_is_working" finished-at="2024-02-02T16:56:47 IST" duration-ms="1028" status="PASS">
          <reporter-output>
            <line>
              <![CDATA[Click on Tamil hypertext]]>
            </line>
          </reporter-output>
        </test-method> <!-- verify_tamil_hypertext_link_is_working -->
        <test-method is-config="true" signature="tear_down(org.testng.ITestResult)[pri:0, instance:web.tests.login.Invalid_Login_Test@131ef10]" started-at="2024-02-02T16:56:47 IST" name="tear_down" finished-at="2024-02-02T16:56:47 IST" duration-ms="140" status="PASS">
          <params>
            <param index="0">
              <value>
                <![CDATA[[TestResult name=verify_tamil_hypertext_link_is_working status=SUCCESS method=Invalid_Login_Test.verify_tamil_hypertext_link_is_working()[pri:0, instance:web.tests.login.Invalid_Login_Test@131ef10] output=Click on Tamil hypertext]]]>
              </value>
            </param>
          </params>
          <reporter-output>
          </reporter-output>
        </test-method> <!-- tear_down -->
      </class> <!-- web.tests.login.Invalid_Login_Test -->
    </test> <!-- verify_tamil_hypertext_link_is_working -->
    <test started-at="2024-02-02T16:56:47 IST" name="verify_telugu_language_text_is_present_on_page" finished-at="2024-02-02T16:56:50 IST" duration-ms="2070">
      <class name="web.tests.login.Invalid_Login_Test">
        <test-method is-config="true" signature="init()[pri:0, instance:web.tests.login.Invalid_Login_Test@2df3b89c]" started-at="2024-02-02T16:56:47 IST" name="init" finished-at="2024-02-02T16:56:49 IST" duration-ms="1926" status="PASS">
          <reporter-output>
          </reporter-output>
        </test-method> <!-- init -->
        <test-method signature="verify_telugu_language_text_is_present_on_page()[pri:0, instance:web.tests.login.Invalid_Login_Test@2df3b89c]" started-at="2024-02-02T16:56:49 IST" name="verify_telugu_language_text_is_present_on_page" finished-at="2024-02-02T16:56:49 IST" duration-ms="25" status="PASS">
          <reporter-output>
            <line>
              <![CDATA[verify Telugu hypertext is displayed]]>
            </line>
            <line>
              <![CDATA[<h1 style="color:green;font-size:15px;">Test Passed</h1> ]]>
            </line>
          </reporter-output>
        </test-method> <!-- verify_telugu_language_text_is_present_on_page -->
        <test-method is-config="true" signature="tear_down(org.testng.ITestResult)[pri:0, instance:web.tests.login.Invalid_Login_Test@2df3b89c]" started-at="2024-02-02T16:56:49 IST" name="tear_down" finished-at="2024-02-02T16:56:50 IST" duration-ms="119" status="PASS">
          <params>
            <param index="0">
              <value>
                <![CDATA[[TestResult name=verify_telugu_language_text_is_present_on_page status=SUCCESS method=Invalid_Login_Test.verify_telugu_language_text_is_present_on_page()[pri:0, instance:web.tests.login.Invalid_Login_Test@2df3b89c] output=verify Telugu hypertext is displayed]]]>
              </value>
            </param>
          </params>
          <reporter-output>
          </reporter-output>
        </test-method> <!-- tear_down -->
      </class> <!-- web.tests.login.Invalid_Login_Test -->
    </test> <!-- verify_telugu_language_text_is_present_on_page -->
    <test started-at="2024-02-02T16:56:50 IST" name="verify_telugu_hypertext_link_is_working" finished-at="2024-02-02T16:56:53 IST" duration-ms="2960">
      <class name="web.tests.login.Invalid_Login_Test">
        <test-method is-config="true" signature="init()[pri:0, instance:web.tests.login.Invalid_Login_Test@37ceb1df]" started-at="2024-02-02T16:56:50 IST" name="init" finished-at="2024-02-02T16:56:51 IST" duration-ms="1922" status="PASS">
          <reporter-output>
          </reporter-output>
        </test-method> <!-- init -->
        <test-method signature="verify_telugu_hypertext_link_is_working()[pri:0, instance:web.tests.login.Invalid_Login_Test@37ceb1df]" started-at="2024-02-02T16:56:51 IST" name="verify_telugu_hypertext_link_is_working" finished-at="2024-02-02T16:56:52 IST" duration-ms="912" status="PASS">
          <reporter-output>
            <line>
              <![CDATA[Click on Telugu hypertext]]>
            </line>
          </reporter-output>
        </test-method> <!-- verify_telugu_hypertext_link_is_working -->
        <test-method is-config="true" signature="tear_down(org.testng.ITestResult)[pri:0, instance:web.tests.login.Invalid_Login_Test@37ceb1df]" started-at="2024-02-02T16:56:52 IST" name="tear_down" finished-at="2024-02-02T16:56:53 IST" duration-ms="124" status="PASS">
          <params>
            <param index="0">
              <value>
                <![CDATA[[TestResult name=verify_telugu_hypertext_link_is_working status=SUCCESS method=Invalid_Login_Test.verify_telugu_hypertext_link_is_working()[pri:0, instance:web.tests.login.Invalid_Login_Test@37ceb1df] output=Click on Telugu hypertext]]]>
              </value>
            </param>
          </params>
          <reporter-output>
          </reporter-output>
        </test-method> <!-- tear_down -->
      </class> <!-- web.tests.login.Invalid_Login_Test -->
    </test> <!-- verify_telugu_hypertext_link_is_working -->
    <test started-at="2024-02-02T16:56:53 IST" name="verify_bengali_language_text_is_present_on_page" finished-at="2024-02-02T16:56:55 IST" duration-ms="2043">
      <class name="web.tests.login.Invalid_Login_Test">
        <test-method is-config="true" signature="init()[pri:0, instance:web.tests.login.Invalid_Login_Test@6200f9cb]" started-at="2024-02-02T16:56:53 IST" name="init" finished-at="2024-02-02T16:56:54 IST" duration-ms="1901" status="PASS">
          <reporter-output>
          </reporter-output>
        </test-method> <!-- init -->
        <test-method signature="verify_bengali_language_text_is_present_on_page()[pri:0, instance:web.tests.login.Invalid_Login_Test@6200f9cb]" started-at="2024-02-02T16:56:54 IST" name="verify_bengali_language_text_is_present_on_page" finished-at="2024-02-02T16:56:54 IST" duration-ms="22" status="PASS">
          <reporter-output>
            <line>
              <![CDATA[verify Bengali hypertext is displayed]]>
            </line>
            <line>
              <![CDATA[<h1 style="color:green;font-size:15px;">Test Passed</h1> ]]>
            </line>
          </reporter-output>
        </test-method> <!-- verify_bengali_language_text_is_present_on_page -->
        <test-method is-config="true" signature="tear_down(org.testng.ITestResult)[pri:0, instance:web.tests.login.Invalid_Login_Test@6200f9cb]" started-at="2024-02-02T16:56:54 IST" name="tear_down" finished-at="2024-02-02T16:56:55 IST" duration-ms="119" status="PASS">
          <params>
            <param index="0">
              <value>
                <![CDATA[[TestResult name=verify_bengali_language_text_is_present_on_page status=SUCCESS method=Invalid_Login_Test.verify_bengali_language_text_is_present_on_page()[pri:0, instance:web.tests.login.Invalid_Login_Test@6200f9cb] output=verify Bengali hypertext is displayed]]]>
              </value>
            </param>
          </params>
          <reporter-output>
          </reporter-output>
        </test-method> <!-- tear_down -->
      </class> <!-- web.tests.login.Invalid_Login_Test -->
    </test> <!-- verify_bengali_language_text_is_present_on_page -->
    <test started-at="2024-02-02T16:56:55 IST" name="verify_bengali_hypertext_link_is_working" finished-at="2024-02-02T16:56:58 IST" duration-ms="3012">
      <class name="web.tests.login.Invalid_Login_Test">
        <test-method is-config="true" signature="init()[pri:0, instance:web.tests.login.Invalid_Login_Test@6f4a47c7]" started-at="2024-02-02T16:56:55 IST" name="init" finished-at="2024-02-02T16:56:56 IST" duration-ms="1829" status="PASS">
          <reporter-output>
          </reporter-output>
        </test-method> <!-- init -->
        <test-method signature="verify_bengali_hypertext_link_is_working()[pri:0, instance:web.tests.login.Invalid_Login_Test@6f4a47c7]" started-at="2024-02-02T16:56:56 IST" name="verify_bengali_hypertext_link_is_working" finished-at="2024-02-02T16:56:57 IST" duration-ms="1056" status="PASS">
          <reporter-output>
            <line>
              <![CDATA[Click on Bengali hypertext]]>
            </line>
          </reporter-output>
        </test-method> <!-- verify_bengali_hypertext_link_is_working -->
        <test-method is-config="true" signature="tear_down(org.testng.ITestResult)[pri:0, instance:web.tests.login.Invalid_Login_Test@6f4a47c7]" started-at="2024-02-02T16:56:57 IST" name="tear_down" finished-at="2024-02-02T16:56:58 IST" duration-ms="127" status="PASS">
          <params>
            <param index="0">
              <value>
                <![CDATA[[TestResult name=verify_bengali_hypertext_link_is_working status=SUCCESS method=Invalid_Login_Test.verify_bengali_hypertext_link_is_working()[pri:0, instance:web.tests.login.Invalid_Login_Test@6f4a47c7] output=Click on Bengali hypertext]]]>
              </value>
            </param>
          </params>
          <reporter-output>
          </reporter-output>
        </test-method> <!-- tear_down -->
      </class> <!-- web.tests.login.Invalid_Login_Test -->
    </test> <!-- verify_bengali_hypertext_link_is_working -->
    <test started-at="2024-02-02T16:56:58 IST" name="verify_malayalam_language_text_is_present_on_page" finished-at="2024-02-02T16:57:00 IST" duration-ms="2115">
      <class name="web.tests.login.Invalid_Login_Test">
        <test-method is-config="true" signature="init()[pri:0, instance:web.tests.login.Invalid_Login_Test@7dc0f706]" started-at="2024-02-02T16:56:58 IST" name="init" finished-at="2024-02-02T16:57:00 IST" duration-ms="1962" status="PASS">
          <reporter-output>
          </reporter-output>
        </test-method> <!-- init -->
        <test-method signature="verify_malayalam_language_text_is_present_on_page()[pri:0, instance:web.tests.login.Invalid_Login_Test@7dc0f706]" started-at="2024-02-02T16:57:00 IST" name="verify_malayalam_language_text_is_present_on_page" finished-at="2024-02-02T16:57:00 IST" duration-ms="23" status="PASS">
          <reporter-output>
            <line>
              <![CDATA[verify Malayalam hypertext is displayed]]>
            </line>
            <line>
              <![CDATA[<h1 style="color:green;font-size:15px;">Test Passed</h1> ]]>
            </line>
          </reporter-output>
        </test-method> <!-- verify_malayalam_language_text_is_present_on_page -->
        <test-method is-config="true" signature="tear_down(org.testng.ITestResult)[pri:0, instance:web.tests.login.Invalid_Login_Test@7dc0f706]" started-at="2024-02-02T16:57:00 IST" name="tear_down" finished-at="2024-02-02T16:57:00 IST" duration-ms="129" status="PASS">
          <params>
            <param index="0">
              <value>
                <![CDATA[[TestResult name=verify_malayalam_language_text_is_present_on_page status=SUCCESS method=Invalid_Login_Test.verify_malayalam_language_text_is_present_on_page()[pri:0, instance:web.tests.login.Invalid_Login_Test@7dc0f706] output=verify Malayalam hypertext is displayed]]]>
              </value>
            </param>
          </params>
          <reporter-output>
          </reporter-output>
        </test-method> <!-- tear_down -->
      </class> <!-- web.tests.login.Invalid_Login_Test -->
    </test> <!-- verify_malayalam_language_text_is_present_on_page -->
    <test started-at="2024-02-02T16:57:00 IST" name="verify_malayalam_hypertext_link_is_working" finished-at="2024-02-02T16:57:03 IST" duration-ms="2963">
      <class name="web.tests.login.Invalid_Login_Test">
        <test-method is-config="true" signature="init()[pri:0, instance:web.tests.login.Invalid_Login_Test@587e5365]" started-at="2024-02-02T16:57:00 IST" name="init" finished-at="2024-02-02T16:57:02 IST" duration-ms="1908" status="PASS">
          <reporter-output>
          </reporter-output>
        </test-method> <!-- init -->
        <test-method signature="verify_malayalam_hypertext_link_is_working()[pri:0, instance:web.tests.login.Invalid_Login_Test@587e5365]" started-at="2024-02-02T16:57:02 IST" name="verify_malayalam_hypertext_link_is_working" finished-at="2024-02-02T16:57:03 IST" duration-ms="934" status="PASS">
          <reporter-output>
            <line>
              <![CDATA[Click on Malayalam hypertext]]>
            </line>
          </reporter-output>
        </test-method> <!-- verify_malayalam_hypertext_link_is_working -->
        <test-method is-config="true" signature="tear_down(org.testng.ITestResult)[pri:0, instance:web.tests.login.Invalid_Login_Test@587e5365]" started-at="2024-02-02T16:57:03 IST" name="tear_down" finished-at="2024-02-02T16:57:03 IST" duration-ms="121" status="PASS">
          <params>
            <param index="0">
              <value>
                <![CDATA[[TestResult name=verify_malayalam_hypertext_link_is_working status=SUCCESS method=Invalid_Login_Test.verify_malayalam_hypertext_link_is_working()[pri:0, instance:web.tests.login.Invalid_Login_Test@587e5365] output=Click on Malayalam hypertext]]]>
              </value>
            </param>
          </params>
          <reporter-output>
          </reporter-output>
        </test-method> <!-- tear_down -->
      </class> <!-- web.tests.login.Invalid_Login_Test -->
    </test> <!-- verify_malayalam_hypertext_link_is_working -->
    <test started-at="2024-02-02T16:57:03 IST" name="verify_spanish_language_text_is_present_on_page" finished-at="2024-02-02T16:57:05 IST" duration-ms="2142">
      <class name="web.tests.login.Invalid_Login_Test">
        <test-method is-config="true" signature="init()[pri:0, instance:web.tests.login.Invalid_Login_Test@63475ace]" started-at="2024-02-02T16:57:03 IST" name="init" finished-at="2024-02-02T16:57:05 IST" duration-ms="1964" status="PASS">
          <reporter-output>
          </reporter-output>
        </test-method> <!-- init -->
        <test-method signature="verify_spanish_language_text_is_present_on_page()[pri:0, instance:web.tests.login.Invalid_Login_Test@63475ace]" started-at="2024-02-02T16:57:05 IST" name="verify_spanish_language_text_is_present_on_page" finished-at="2024-02-02T16:57:05 IST" duration-ms="22" status="PASS">
          <reporter-output>
            <line>
              <![CDATA[verify Spanish hypertext is displayed]]>
            </line>
            <line>
              <![CDATA[<h1 style="color:green;font-size:15px;">Test Passed</h1> ]]>
            </line>
          </reporter-output>
        </test-method> <!-- verify_spanish_language_text_is_present_on_page -->
        <test-method is-config="true" signature="tear_down(org.testng.ITestResult)[pri:0, instance:web.tests.login.Invalid_Login_Test@63475ace]" started-at="2024-02-02T16:57:05 IST" name="tear_down" finished-at="2024-02-02T16:57:05 IST" duration-ms="154" status="PASS">
          <params>
            <param index="0">
              <value>
                <![CDATA[[TestResult name=verify_spanish_language_text_is_present_on_page status=SUCCESS method=Invalid_Login_Test.verify_spanish_language_text_is_present_on_page()[pri:0, instance:web.tests.login.Invalid_Login_Test@63475ace] output=verify Spanish hypertext is displayed]]]>
              </value>
            </param>
          </params>
          <reporter-output>
          </reporter-output>
        </test-method> <!-- tear_down -->
      </class> <!-- web.tests.login.Invalid_Login_Test -->
    </test> <!-- verify_spanish_language_text_is_present_on_page -->
    <test started-at="2024-02-02T16:57:05 IST" name="verify_spanish_hypertext_link_is_working" finished-at="2024-02-02T16:57:08 IST" duration-ms="2911">
      <class name="web.tests.login.Invalid_Login_Test">
        <test-method is-config="true" signature="init()[pri:0, instance:web.tests.login.Invalid_Login_Test@305b7c14]" started-at="2024-02-02T16:57:05 IST" name="init" finished-at="2024-02-02T16:57:07 IST" duration-ms="1770" status="PASS">
          <reporter-output>
          </reporter-output>
        </test-method> <!-- init -->
        <test-method signature="verify_spanish_hypertext_link_is_working()[pri:0, instance:web.tests.login.Invalid_Login_Test@305b7c14]" started-at="2024-02-02T16:57:07 IST" name="verify_spanish_hypertext_link_is_working" finished-at="2024-02-02T16:57:08 IST" duration-ms="1014" status="PASS">
          <reporter-output>
            <line>
              <![CDATA[Click on Spanish hypertext]]>
            </line>
          </reporter-output>
        </test-method> <!-- verify_spanish_hypertext_link_is_working -->
        <test-method is-config="true" signature="tear_down(org.testng.ITestResult)[pri:0, instance:web.tests.login.Invalid_Login_Test@305b7c14]" started-at="2024-02-02T16:57:08 IST" name="tear_down" finished-at="2024-02-02T16:57:08 IST" duration-ms="125" status="PASS">
          <params>
            <param index="0">
              <value>
                <![CDATA[[TestResult name=verify_spanish_hypertext_link_is_working status=SUCCESS method=Invalid_Login_Test.verify_spanish_hypertext_link_is_working()[pri:0, instance:web.tests.login.Invalid_Login_Test@305b7c14] output=Click on Spanish hypertext]]]>
              </value>
            </param>
          </params>
          <reporter-output>
          </reporter-output>
        </test-method> <!-- tear_down -->
      </class> <!-- web.tests.login.Invalid_Login_Test -->
    </test> <!-- verify_spanish_hypertext_link_is_working -->
    <test started-at="2024-02-02T16:57:08 IST" name="verify_sign_up_text_is_present_on_page" finished-at="2024-02-02T16:57:10 IST" duration-ms="2035">
      <class name="web.tests.login.Invalid_Login_Test">
        <test-method is-config="true" signature="init()[pri:0, instance:web.tests.login.Invalid_Login_Test@bccb269]" started-at="2024-02-02T16:57:08 IST" name="init" finished-at="2024-02-02T16:57:10 IST" duration-ms="1871" status="PASS">
          <reporter-output>
          </reporter-output>
        </test-method> <!-- init -->
[...]
      <class name="web.tests.login.Invalid_Login_Test">
        <test-method is-config="true" signature="init()[pri:0, instance:web.tests.login.Invalid_Login_Test@7817fd62]" started-at="2024-02-02T16:56:29 IST" name="init" finished-at="2024-02-02T16:56:31 IST" duration-ms="1949" status="PASS">
          <reporter-output>
          </reporter-output>
        </test-method> <!-- init -->
        <test-method signature="verify_invalid_password_with_numbers()[pri:0, instance:web.tests.login.Invalid_Login_Test@7817fd62]" started-at="2024-02-02T16:56:31 IST" name="verify_invalid_password_with_numbers" finished-at="2024-02-02T16:57:31 IST" duration-ms="60362" status="FAIL">
          <exception class="org.junit.ComparisonFailure">
            <message>
              <![CDATA[
Expecting value to be true but was false expected:<[tru]e> but was:<[fals]e>]]>
            </message>
            <full-stacktrace>
              <![CDATA[org.junit.ComparisonFailure: 
Expecting value to be true but was false expected:<[tru]e> but was:<[fals]e>
at java.base/jdk.internal.reflect.NativeConstructorAccessorImpl.newInstance0(Native Method)
at java.base/jdk.internal.reflect.NativeConstructorAccessorImpl.newInstance(NativeConstructorAccessorImpl.java:77)
at java.base/jdk.internal.reflect.DelegatingConstructorAccessorImpl.newInstance(DelegatingConstructorAccessorImpl.java:45)
at java.base/java.lang.reflect.Constructor.newInstanceWithCaller(Constructor.java:499)
at io.unity.performaction.autoweb.Verify.element_is_present(Verify.java:39)
at web.object_repository.Login.invalid_Login.Invalid_login.verify_invalid_password_with_numbers(Invalid_login.java:140)
at web.tests.login.Invalid_Login_Test.verify_invalid_password_with_numbers(Invalid_Login_Test.java:122)
at java.base/jdk.internal.reflect.NativeMethodAccessorImpl.invoke0(Native Method)
at java.base/jdk.internal.reflect.NativeMethodAccessorImpl.invoke(NativeMethodAccessorImpl.java:77)
at java.base/jdk.internal.reflect.DelegatingMethodAccessorImpl.invoke(DelegatingMethodAccessorImpl.java:43)
at java.base/java.lang.reflect.Method.invoke(Method.java:568)
at org.testng.internal.invokers.MethodInvocationHelper.invokeMethod(MethodInvocationHelper.java:139)
at org.testng.internal.invokers.TestInvoker.invokeMethod(TestInvoker.java:664)
at org.testng.internal.invokers.TestInvoker.invokeTestMethod(TestInvoker.java:227)
at org.testng.internal.invokers.MethodRunner.runInSequence(MethodRunner.java:50)
at org.testng.internal.invokers.TestInvoker$MethodInvocationAgent.invoke(TestInvoker.java:957)
at org.testng.internal.invokers.TestInvoker.invokeTestMethods(TestInvoker.java:200)
at org.testng.internal.invokers.TestMethodWorker.invokeTestMethods(TestMethodWorker.java:148)
at org.testng.internal.invokers.TestMethodWorker.run(TestMethodWorker.java:128)
at java.base/java.util.ArrayList.forEach(ArrayList.java:1511)
at org.testng.TestRunner.privateRun(TestRunner.java:848)
at org.testng.TestRunner.run(TestRunner.java:621)
at org.testng.SuiteRunner.runTest(SuiteRunner.java:443)
at org.testng.SuiteRunner$SuiteWorker.run(SuiteRunner.java:481)
at org.testng.internal.thread.ThreadUtil.lambda$execute$0(ThreadUtil.java:58)
at java.base/java.util.concurrent.FutureTask.run(FutureTask.java:264)
at java.base/java.util.concurrent.ThreadPoolExecutor.runWorker(ThreadPoolExecutor.java:1136)
at java.base/java.util.concurrent.ThreadPoolExecutor$Worker.run(ThreadPoolExecutor.java:635)
at java.base/java.lang.Thread.run(Thread.java:840)
]]>
            </full-stacktrace>
          </exception> <!-- org.junit.ComparisonFailure -->
          <reporter-output>
            <line>
              <![CDATA[Enter text harshalsomani23@gmail.com at locator Email]]>
            </line>
            <line>
              <![CDATA[Enter text Harshal@21100000000000000 at locator password]]>
            </line>
            <line>
              <![CDATA[Click on login button]]>
            </line>
            <line>
              <![CDATA[verify valid Email_invalid_password is displayed]]>
            </line>
          </reporter-output>
        </test-method> <!-- verify_invalid_password_with_numbers -->
        <test-method is-config="true" signature="tear_down(org.testng.ITestResult)[pri:0, instance:web.tests.login.Invalid_Login_Test@7817fd62]" started-at="2024-02-02T16:57:31 IST" name="tear_down" finished-at="2024-02-02T16:57:32 IST" duration-ms="402" status="PASS">
          <params>
            <param index="0">
              <value>
                <![CDATA[[TestResult name=verify_invalid_password_with_numbers status=FAILURE method=Invalid_Login_Test.verify_invalid_password_with_numbers()[pri:0, instance:web.tests.login.Invalid_Login_Test@7817fd62] output=Enter text harshalsomani23@gmail.com at locator Email]]]>
              </value>
            </param>
          </params>
          <reporter-output>
            <line>
              <![CDATA[<h1 style="color:red;font-size:15px;">Test Failed</h1>   ]]>
            </line>
            <line>
              <![CDATA[<img src="C:\Users\Harshal\IdeaProjects\PracticeST\src\test\resources\failed_test_screenshot\verify_invalid_password_with_numbers_iSiRt.png" alt="test" width="1024" height="640">]]>
            </line>
          </reporter-output>
        </test-method> <!-- tear_down -->
      </class> <!-- web.tests.login.Invalid_Login_Test -->
    </test> <!-- verify_invalid_password_with_numbers -->
    <test started-at="2024-02-02T16:57:31 IST" name="verify_video_hypertext_link_is_working" finished-at="2024-02-02T16:57:34 IST" duration-ms="3168">
      <class name="web.tests.login.Invalid_Login_Test">
        <test-method is-config="true" signature="init()[pri:0, instance:web.tests.login.Invalid_Login_Test@5b94b04d]" started-at="2024-02-02T16:57:31 IST" name="init" finished-at="2024-02-02T16:57:33 IST" duration-ms="2020" status="PASS">
          <reporter-output>
          </reporter-output>
        </test-method> <!-- init -->
        <test-method signature="verify_video_hypertext_link_is_working()[pri:0, instance:web.tests.login.Invalid_Login_Test@5b94b04d]" started-at="2024-02-02T16:57:33 IST" name="verify_video_hypertext_link_is_working" finished-at="2024-02-02T16:57:34 IST" duration-ms="965" status="PASS">
          <reporter-output>
            <line>
              <![CDATA[Click on Video hypertext]]>
            </line>
          </reporter-output>
        </test-method> <!-- verify_video_hypertext_link_is_working -->
        <test-method is-config="true" signature="tear_down(org.testng.ITestResult)[pri:0, instance:web.tests.login.Invalid_Login_Test@5b94b04d]" started-at="2024-02-02T16:57:34 IST" name="tear_down" finished-at="2024-02-02T16:57:34 IST" duration-ms="181" status="PASS">
          <params>
            <param index="0">
              <value>
                <![CDATA[[TestResult name=verify_video_hypertext_link_is_working status=SUCCESS method=Invalid_Login_Test.verify_video_hypertext_link_is_working()[pri:0, instance:web.tests.login.Invalid_Login_Test@5b94b04d] output=Click on Video hypertext]]]>
              </value>
            </param>
          </params>
          <reporter-output>
          </reporter-output>
        </test-method> <!-- tear_down -->
      </class> <!-- web.tests.login.Invalid_Login_Test -->
    </test> <!-- verify_video_hypertext_link_is_working -->
    <test started-at="2024-02-02T16:57:32 IST" name="verify_places_hypertext_is_present_on_page" finished-at="2024-02-02T16:57:34 IST" duration-ms="2458">
      <class name="web.tests.login.Invalid_Login_Test">
        <test-method is-config="true" signature="init()[pri:0, instance:web.tests.login.Invalid_Login_Test@f79e]" started-at="2024-02-02T16:57:32 IST" name="init" finished-at="2024-02-02T16:57:34 IST" duration-ms="2168" status="PASS">
          <reporter-output>
          </reporter-output>
        </test-method> <!-- init -->
        <test-method signature="verify_places_hypertext_is_present_on_page()[pri:0, instance:web.tests.login.Invalid_Login_Test@f79e]" started-at="2024-02-02T16:57:34 IST" name="verify_places_hypertext_is_present_on_page" finished-at="2024-02-02T16:57:34 IST" duration-ms="47" status="PASS">
          <reporter-output>
            <line>
              <![CDATA[verify Places hypertext is displayed]]>
            </line>
            <line>
              <![CDATA[<h1 style="color:green;font-size:15px;">Test Passed</h1> ]]>
            </line>
          </reporter-output>
        </test-method> <!-- verify_places_hypertext_is_present_on_page -->
        <test-method is-config="true" signature="tear_down(org.testng.ITestResult)[pri:0, instance:web.tests.login.Invalid_Login_Test@f79e]" started-at="2024-02-02T16:57:34 IST" name="tear_down" finished-at="2024-02-02T16:57:34 IST" duration-ms="243" status="PASS">
          <params>
            <param index="0">
              <value>
                <![CDATA[[TestResult name=verify_places_hypertext_is_present_on_page status=SUCCESS method=Invalid_Login_Test.verify_places_hypertext_is_present_on_page()[pri:0, instance:web.tests.login.Invalid_Login_Test@f79e] output=verify Places hypertext is displayed]]]>
              </value>
            </param>
          </params>
          <reporter-output>
          </reporter-output>
        </test-method> <!-- tear_down -->
      </class> <!-- web.tests.login.Invalid_Login_Test -->
    </test> <!-- verify_places_hypertext_is_present_on_page -->
    <test started-at="2024-02-02T16:57:34 IST" name="verify_games_hypertext_is_present_on_page" finished-at="2024-02-02T16:57:38 IST" duration-ms="3472">
      <class name="web.tests.login.Invalid_Login_Test">
        <test-method is-config="true" signature="init()[pri:0, instance:web.tests.login.Invalid_Login_Test@7494f96a]" started-at="2024-02-02T16:57:34 IST" name="init" finished-at="2024-02-02T16:57:37 IST" duration-ms="3145" status="PASS">
          <reporter-output>
          </reporter-output>
        </test-method> <!-- init -->
        <test-method signature="verify_games_hypertext_is_present_on_page()[pri:0, instance:web.tests.login.Invalid_Login_Test@7494f96a]" started-at="2024-02-02T16:57:37 IST" name="verify_games_hypertext_is_present_on_page" finished-at="2024-02-02T16:57:37 IST" duration-ms="72" status="PASS">
          <reporter-output>
            <line>
              <![CDATA[verify Games hypertext is displayed]]>
            </line>
            <line>
              <![CDATA[<h1 style="color:green;font-size:15px;">Test Passed</h1> ]]>
            </line>
          </reporter-output>
        </test-method> <!-- verify_games_hypertext_is_present_on_page -->
        <test-method is-config="true" signature="tear_down(org.testng.ITestResult)[pri:0, instance:web.tests.login.Invalid_Login_Test@7494f96a]" started-at="2024-02-02T16:57:37 IST" name="tear_down" finished-at="2024-02-02T16:57:38 IST" duration-ms="254" status="PASS">
          <params>
            <param index="0">
              <value>
                <![CDATA[[TestResult name=verify_games_hypertext_is_present_on_page status=SUCCESS method=Invalid_Login_Test.verify_games_hypertext_is_present_on_page()[pri:0, instance:web.tests.login.Invalid_Login_Test@7494f96a] output=verify Games hypertext is displayed]]]>
              </value>
            </param>
          </params>
          <reporter-output>
          </reporter-output>
        </test-method> <!-- tear_down -->
      </class> <!-- web.tests.login.Invalid_Login_Test -->
    </test> <!-- verify_games_hypertext_is_present_on_page -->
    <test started-at="2024-02-02T16:57:34 IST" name="verify_places_hypertext_link_is_working" finished-at="2024-02-02T16:57:38 IST" duration-ms="4121">
      <class name="web.tests.login.Invalid_Login_Test">
        <test-method is-config="true" signature="init()[pri:0, instance:web.tests.login.Invalid_Login_Test@1e178745]" started-at="2024-02-02T16:57:34 IST" name="init" finished-at="2024-02-02T16:57:37 IST" duration-ms="2701" status="PASS">
          <reporter-output>
          </reporter-output>
        </test-method> <!-- init -->
        <test-method signature="verify_places_hypertext_link_is_working()[pri:0, instance:web.tests.login.Invalid_Login_Test@1e178745]" started-at="2024-02-02T16:57:37 IST" name="verify_places_hypertext_link_is_working" finished-at="2024-02-02T16:57:38 IST" duration-ms="1099" status="PASS">
          <reporter-output>
            <line>
              <![CDATA[Click on Places hypertext]]>
            </line>
          </reporter-output>
        </test-method> <!-- verify_places_hypertext_link_is_working -->
        <test-method is-config="true" signature="tear_down(org.testng.ITestResult)[pri:0, instance:web.tests.login.Invalid_Login_Test@1e178745]" started-at="2024-02-02T16:57:38 IST" name="tear_down" finished-at="2024-02-02T16:57:38 IST" duration-ms="320" status="PASS">
          <params>
            <param index="0">
              <value>
                <![CDATA[[TestResult name=verify_places_hypertext_link_is_working status=SUCCESS method=Invalid_Login_Test.verify_places_hypertext_link_is_working()[pri:0, instance:web.tests.login.Invalid_Login_Test@1e178745] output=Click on Places hypertext]]]>
              </value>
            </param>
          </params>
          <reporter-output>
          </reporter-output>
        </test-method> <!-- tear_down -->
      </class> <!-- web.tests.login.Invalid_Login_Test -->
    </test> <!-- verify_places_hypertext_link_is_working -->
    <test started-at="2024-02-02T16:57:38 IST" name="verify_marketplace_hypertext_is_present_on_page" finished-at="2024-02-02T16:57:41 IST" duration-ms="2785">
      <class name="web.tests.login.Invalid_Login_Test">
        <test-method is-config="true" signature="init()[pri:0, instance:web.tests.login.Invalid_Login_Test@5c671d7f]" started-at="2024-02-02T16:57:38 IST" name="init" finished-at="2024-02-02T16:57:40 IST" duration-ms="2513" status="PASS">
          <reporter-output>
          </reporter-output>
        </test-method> <!-- init -->
        <test-method signature="verify_marketplace_hypertext_is_present_on_page()[pri:0, instance:web.tests.login.Invalid_Login_Test@5c671d7f]" started-at="2024-02-02T16:57:40 IST" name="verify_marketplace_hypertext_is_present_on_page" finished-at="2024-02-02T16:57:40 IST" duration-ms="41" status="PASS">
          <reporter-output>
            <line>
              <![CDATA[verify Marketplace hypertext is displayed]]>
            </line>
            <line>
              <![CDATA[<h1 style="color:green;font-size:15px;">Test Passed</h1> ]]>
            </line>
          </reporter-output>
        </test-method> <!-- verify_marketplace_hypertext_is_present_on_page -->
        <test-method is-config="true" signature="tear_down(org.testng.ITestResult)[pri:0, instance:web.tests.login.Invalid_Login_Test@5c671d7f]" started-at="2024-02-02T16:57:40 IST" name="tear_down" finished-at="2024-02-02T16:57:41 IST" duration-ms="230" status="PASS">
          <params>
            <param index="0">
              <value>
                <![CDATA[[TestResult name=verify_marketplace_hypertext_is_present_on_page status=SUCCESS method=Invalid_Login_Test.verify_marketplace_hypertext_is_present_on_page()[pri:0, instance:web.tests.login.Invalid_Login_Test@5c671d7f] output=verify Marketplace hypertext is displayed]]]>
              </value>
            </param>
          </params>
          <reporter-output>
          </reporter-output>
        </test-method> <!-- tear_down -->
      </class> <!-- web.tests.login.Invalid_Login_Test -->
    </test> <!-- verify_marketplace_hypertext_is_present_on_page -->
    <test started-at="2024-02-02T16:57:38 IST" name="verify_games_hypertext_link_is_working" finished-at="2024-02-02T16:57:42 IST" duration-ms="4188">
      <class name="web.tests.login.Invalid_Login_Test">
        <test-method is-config="true" signature="init()[pri:0, instance:web.tests.login.Invalid_Login_Test@1757cd72]" started-at="2024-02-02T16:57:38 IST" name="init" finished-at="2024-02-02T16:57:40 IST" duration-ms="2609" status="PASS">
          <reporter-output>
          </reporter-output>
        </test-method> <!-- init -->
        <test-method signature="verify_games_hypertext_link_is_working()[pri:0, instance:web.tests.login.Invalid_Login_Test@1757cd72]" started-at="2024-02-02T16:57:40 IST" name="verify_games_hypertext_link_is_working" finished-at="2024-02-02T16:57:42 IST" duration-ms="1366" status="PASS">
          <reporter-output>
            <line>
              <![CDATA[Click on Games hypertext]]>
            </line>
          </reporter-output>
        </test-method> <!-- verify_games_hypertext_link_is_working -->
        <test-method is-config="true" signature="tear_down(org.testng.ITestResult)[pri:0, instance:web.tests.login.Invalid_Login_Test@1757cd72]" started-at="2024-02-02T16:57:42 IST" name="tear_down" finished-at="2024-02-02T16:57:42 IST" duration-ms="211" status="PASS">
          <params>
            <param index="0">
              <value>
                <![CDATA[[TestResult name=verify_games_hypertext_link_is_working status=SUCCESS method=Invalid_Login_Test.verify_games_hypertext_link_is_working()[pri:0, instance:web.tests.login.Invalid_Login_Test@1757cd72] output=Click on Games hypertext]]]>
              </value>
            </param>
          </params>
          <reporter-output>
          </reporter-output>
        </test-method> <!-- tear_down -->
      </class> <!-- web.tests.login.Invalid_Login_Test -->
    </test> <!-- verify_games_hypertext_link_is_working -->
    <test started-at="2024-02-02T16:57:41 IST" name="verify_marketplace_hypertext_link_is_working" finished-at="2024-02-02T16:57:48 IST" duration-ms="7295">
      <class name="web.tests.login.Invalid_Login_Test">
        <test-method is-config="true" signature="beforeSuiteWorks()[pri:0, instance:web.tests.login.Invalid_Login_Test@e4487af]" started-at="2024-02-02T16:55:52 IST" name="beforeSuiteWorks" finished-at="2024-02-02T16:55:52 IST" duration-ms="52" status="PASS">
          <reporter-output>
          </reporter-output>
        </test-method> <!-- beforeSuiteWorks -->
        <test-method is-config="true" signature="init()[pri:0, instance:web.tests.login.Invalid_Login_Test@e4487af]" started-at="2024-02-02T16:57:41 IST" name="init" finished-at="2024-02-02T16:57:43 IST" duration-ms="2046" status="PASS">
          <reporter-output>
          </reporter-output>
        </test-method> <!-- init -->
        <test-method signature="verify_marketplace_hypertext_link_is_working()[pri:0, instance:web.tests.login.Invalid_Login_Test@e4487af]" started-at="2024-02-02T16:57:43 IST" name="verify_marketplace_hypertext_link_is_working" finished-at="2024-02-02T16:57:48 IST" duration-ms="5096" status="PASS">
          <reporter-output>
            <line>
              <![CDATA[Click on Marketplace hypertext]]>
            </line>
          </reporter-output>
        </test-method> <!-- verify_marketplace_hypertext_link_is_working -->
        <test-method is-config="true" signature="tear_down(org.testng.ITestResult)[pri:0, instance:web.tests.login.Invalid_Login_Test@e4487af]" started-at="2024-02-02T16:57:48 IST" name="tear_down" finished-at="2024-02-02T16:57:48 IST" duration-ms="152" status="PASS">
          <params>
            <param index="0">
              <value>
                <![CDATA[[TestResult name=verify_marketplace_hypertext_link_is_working status=SUCCESS method=Invalid_Login_Test.verify_marketplace_hypertext_link_is_working()[pri:0, instance:web.tests.login.Invalid_Login_Test@e4487af] output=Click on Marketplace hypertext]]]>
              </value>
            </param>
          </params>
          <reporter-output>
          </reporter-output>
        </test-method> <!-- tear_down -->
      </class> <!-- web.tests.login.Invalid_Login_Test -->
    </test> <!-- verify_marketplace_hypertext_link_is_working -->
  </suite> <!-- Smoke  -->
</testng-results>
